2021-02-19 20:23:33,810 0      [           main] DEBUG ache.ibatis.logging.LogFactory  - Logging initialized using 'class org.apache.ibatis.logging.log4j.Log4jImpl' adapter.
2021-02-19 20:23:33,925 115    [           main] DEBUG source.pooled.PooledDataSource  - PooledDataSource forcefully closed/removed all connections.
2021-02-19 20:23:33,925 115    [           main] DEBUG source.pooled.PooledDataSource  - PooledDataSource forcefully closed/removed all connections.
2021-02-19 20:23:33,925 115    [           main] DEBUG source.pooled.PooledDataSource  - PooledDataSource forcefully closed/removed all connections.
2021-02-19 20:23:33,926 116    [           main] DEBUG source.pooled.PooledDataSource  - PooledDataSource forcefully closed/removed all connections.
2021-02-19 20:23:34,022 212    [           main] DEBUG ansaction.jdbc.JdbcTransaction  - Opening JDBC Connection
2021-02-19 20:23:34,266 456    [           main] DEBUG source.pooled.PooledDataSource  - Created connection 813656972.
2021-02-19 20:23:34,266 456    [           main] DEBUG ansaction.jdbc.JdbcTransaction  - Setting autocommit to false on JDBC Connection [com.mysql.jdbc.JDBC4Connection@307f6b8c]
2021-02-19 20:23:34,269 459    [           main] DEBUG edu.hebeu.dao.IUserDao.findAll  - ==>  Preparing: SELECT id, username, birthday, sex, address FROM user; 
2021-02-19 20:23:34,312 502    [           main] DEBUG edu.hebeu.dao.IUserDao.findAll  - ==> Parameters: 
2021-02-19 20:23:34,338 528    [           main] DEBUG edu.hebeu.dao.IUserDao.findAll  - <==      Total: 6
2021-02-19 20:23:34,342 532    [           main] DEBUG ansaction.jdbc.JdbcTransaction  - Resetting autocommit to true on JDBC Connection [com.mysql.jdbc.JDBC4Connection@307f6b8c]
2021-02-19 20:23:34,343 533    [           main] DEBUG ansaction.jdbc.JdbcTransaction  - Closing JDBC Connection [com.mysql.jdbc.JDBC4Connection@307f6b8c]
2021-02-19 20:23:34,344 534    [           main] DEBUG source.pooled.PooledDataSource  - Returned connection 813656972 to pool.
2021-02-19 20:45:09,369 0      [           main] DEBUG ache.ibatis.logging.LogFactory  - Logging initialized using 'class org.apache.ibatis.logging.log4j.Log4jImpl' adapter.
2021-02-19 20:45:09,520 151    [           main] DEBUG source.pooled.PooledDataSource  - PooledDataSource forcefully closed/removed all connections.
2021-02-19 20:45:09,521 152    [           main] DEBUG source.pooled.PooledDataSource  - PooledDataSource forcefully closed/removed all connections.
2021-02-19 20:45:09,521 152    [           main] DEBUG source.pooled.PooledDataSource  - PooledDataSource forcefully closed/removed all connections.
2021-02-19 20:45:09,521 152    [           main] DEBUG source.pooled.PooledDataSource  - PooledDataSource forcefully closed/removed all connections.
2021-02-19 20:45:09,681 312    [           main] DEBUG ansaction.jdbc.JdbcTransaction  - Opening JDBC Connection
2021-02-19 20:45:09,960 591    [           main] DEBUG source.pooled.PooledDataSource  - Created connection 917819120.
2021-02-19 20:45:09,960 591    [           main] DEBUG ansaction.jdbc.JdbcTransaction  - Setting autocommit to false on JDBC Connection [com.mysql.jdbc.JDBC4Connection@36b4cef0]
2021-02-19 20:45:09,963 594    [           main] DEBUG edu.hebeu.dao.IUserDao.findAll  - ==>  Preparing: SELECT id, username, birthday, sex, address FROM user; 
2021-02-19 20:45:09,996 627    [           main] DEBUG edu.hebeu.dao.IUserDao.findAll  - ==> Parameters: 
2021-02-19 20:45:10,041 672    [           main] DEBUG edu.hebeu.dao.IUserDao.findAll  - <==      Total: 6
2021-02-19 20:45:10,042 673    [           main] DEBUG ansaction.jdbc.JdbcTransaction  - Resetting autocommit to true on JDBC Connection [com.mysql.jdbc.JDBC4Connection@36b4cef0]
2021-02-19 20:45:10,043 674    [           main] DEBUG ansaction.jdbc.JdbcTransaction  - Closing JDBC Connection [com.mysql.jdbc.JDBC4Connection@36b4cef0]
2021-02-19 20:45:10,044 675    [           main] DEBUG source.pooled.PooledDataSource  - Returned connection 917819120 to pool.
2021-02-19 20:56:46,604 0      [           main] DEBUG ache.ibatis.logging.LogFactory  - Logging initialized using 'class org.apache.ibatis.logging.log4j.Log4jImpl' adapter.
2021-02-19 20:56:46,795 191    [           main] DEBUG source.pooled.PooledDataSource  - PooledDataSource forcefully closed/removed all connections.
2021-02-19 20:56:46,795 191    [           main] DEBUG source.pooled.PooledDataSource  - PooledDataSource forcefully closed/removed all connections.
2021-02-19 20:56:46,795 191    [           main] DEBUG source.pooled.PooledDataSource  - PooledDataSource forcefully closed/removed all connections.
2021-02-19 20:56:46,795 191    [           main] DEBUG source.pooled.PooledDataSource  - PooledDataSource forcefully closed/removed all connections.
2021-02-19 20:56:46,926 322    [           main] DEBUG ansaction.jdbc.JdbcTransaction  - Opening JDBC Connection
2021-02-19 20:56:47,251 647    [           main] DEBUG source.pooled.PooledDataSource  - Created connection 917819120.
2021-02-19 20:56:47,251 647    [           main] DEBUG ansaction.jdbc.JdbcTransaction  - Setting autocommit to false on JDBC Connection [com.mysql.jdbc.JDBC4Connection@36b4cef0]
2021-02-19 20:56:47,255 651    [           main] DEBUG edu.hebeu.dao.IUserDao.findAll  - ==>  Preparing: SELECT id, username, birthday, sex, address FROM user; 
2021-02-19 20:56:47,288 684    [           main] DEBUG edu.hebeu.dao.IUserDao.findAll  - ==> Parameters: 
2021-02-19 20:56:47,324 720    [           main] DEBUG edu.hebeu.dao.IUserDao.findAll  - <==      Total: 6
2021-02-19 20:56:47,325 721    [           main] DEBUG ansaction.jdbc.JdbcTransaction  - Resetting autocommit to true on JDBC Connection [com.mysql.jdbc.JDBC4Connection@36b4cef0]
2021-02-19 20:56:47,326 722    [           main] DEBUG ansaction.jdbc.JdbcTransaction  - Closing JDBC Connection [com.mysql.jdbc.JDBC4Connection@36b4cef0]
2021-02-19 20:56:47,326 722    [           main] DEBUG source.pooled.PooledDataSource  - Returned connection 917819120 to pool.
2021-02-19 20:59:12,421 1      [           main] DEBUG ache.ibatis.logging.LogFactory  - Logging initialized using 'class org.apache.ibatis.logging.log4j.Log4jImpl' adapter.
2021-02-19 20:59:12,560 140    [           main] DEBUG source.pooled.PooledDataSource  - PooledDataSource forcefully closed/removed all connections.
2021-02-19 20:59:12,561 141    [           main] DEBUG source.pooled.PooledDataSource  - PooledDataSource forcefully closed/removed all connections.
2021-02-19 20:59:12,561 141    [           main] DEBUG source.pooled.PooledDataSource  - PooledDataSource forcefully closed/removed all connections.
2021-02-19 20:59:12,561 141    [           main] DEBUG source.pooled.PooledDataSource  - PooledDataSource forcefully closed/removed all connections.
2021-02-19 20:59:12,692 272    [           main] DEBUG ansaction.jdbc.JdbcTransaction  - Opening JDBC Connection
2021-02-19 20:59:12,979 559    [           main] DEBUG source.pooled.PooledDataSource  - Created connection 592688102.
2021-02-19 20:59:12,980 560    [           main] DEBUG ansaction.jdbc.JdbcTransaction  - Setting autocommit to false on JDBC Connection [com.mysql.jdbc.JDBC4Connection@2353b3e6]
2021-02-19 20:59:12,982 562    [           main] DEBUG .hebeu.dao.IUserDao.insertUser  - ==>  Preparing: INSERT INTO user(username, birthday, sex, address) VALUES(?, ?, ?, ?); 
2021-02-19 20:59:13,029 609    [           main] DEBUG .hebeu.dao.IUserDao.insertUser  - ==> Parameters: 测试(String), 2021-02-19 20:59:12.681(Timestamp), 男(String), 陕西省渭南市(String)
2021-02-19 20:59:13,033 613    [           main] DEBUG .hebeu.dao.IUserDao.insertUser  - <==    Updates: 1
2021-02-19 20:59:13,033 613    [           main] DEBUG ansaction.jdbc.JdbcTransaction  - Committing JDBC Connection [com.mysql.jdbc.JDBC4Connection@2353b3e6]
2021-02-19 20:59:13,037 617    [           main] DEBUG ansaction.jdbc.JdbcTransaction  - Resetting autocommit to true on JDBC Connection [com.mysql.jdbc.JDBC4Connection@2353b3e6]
2021-02-19 20:59:13,037 617    [           main] DEBUG ansaction.jdbc.JdbcTransaction  - Closing JDBC Connection [com.mysql.jdbc.JDBC4Connection@2353b3e6]
2021-02-19 20:59:13,038 618    [           main] DEBUG source.pooled.PooledDataSource  - Returned connection 592688102 to pool.
2021-02-19 21:07:03,346 0      [           main] DEBUG ache.ibatis.logging.LogFactory  - Logging initialized using 'class org.apache.ibatis.logging.log4j.Log4jImpl' adapter.
2021-02-19 21:07:03,450 104    [           main] DEBUG source.pooled.PooledDataSource  - PooledDataSource forcefully closed/removed all connections.
2021-02-19 21:07:03,450 104    [           main] DEBUG source.pooled.PooledDataSource  - PooledDataSource forcefully closed/removed all connections.
2021-02-19 21:07:03,450 104    [           main] DEBUG source.pooled.PooledDataSource  - PooledDataSource forcefully closed/removed all connections.
2021-02-19 21:07:03,450 104    [           main] DEBUG source.pooled.PooledDataSource  - PooledDataSource forcefully closed/removed all connections.
2021-02-19 21:07:03,559 213    [           main] DEBUG ansaction.jdbc.JdbcTransaction  - Opening JDBC Connection
2021-02-19 21:07:03,765 419    [           main] DEBUG source.pooled.PooledDataSource  - Created connection 592688102.
2021-02-19 21:07:03,766 420    [           main] DEBUG ansaction.jdbc.JdbcTransaction  - Setting autocommit to false on JDBC Connection [com.mysql.jdbc.JDBC4Connection@2353b3e6]
2021-02-19 21:07:03,767 421    [           main] DEBUG .hebeu.dao.IUserDao.updateUser  - ==>  Preparing: UPDATE user SET username = ?, birthday = ?, sex = ?, address = ? WHERE id = ?; 
2021-02-19 21:07:03,792 446    [           main] DEBUG .hebeu.dao.IUserDao.updateUser  - ==> Parameters: 测试修改(String), 2021-02-19 21:07:03.547(Timestamp), 女(String), 陕西省(String), 49(Integer)
2021-02-19 21:07:03,794 448    [           main] DEBUG .hebeu.dao.IUserDao.updateUser  - <==    Updates: 1
2021-02-19 21:07:03,794 448    [           main] DEBUG ansaction.jdbc.JdbcTransaction  - Committing JDBC Connection [com.mysql.jdbc.JDBC4Connection@2353b3e6]
2021-02-19 21:07:03,796 450    [           main] DEBUG ansaction.jdbc.JdbcTransaction  - Resetting autocommit to true on JDBC Connection [com.mysql.jdbc.JDBC4Connection@2353b3e6]
2021-02-19 21:07:03,797 451    [           main] DEBUG ansaction.jdbc.JdbcTransaction  - Closing JDBC Connection [com.mysql.jdbc.JDBC4Connection@2353b3e6]
2021-02-19 21:07:03,797 451    [           main] DEBUG source.pooled.PooledDataSource  - Returned connection 592688102 to pool.
2021-02-19 21:15:16,282 0      [           main] DEBUG ache.ibatis.logging.LogFactory  - Logging initialized using 'class org.apache.ibatis.logging.log4j.Log4jImpl' adapter.
2021-02-19 21:15:16,427 145    [           main] DEBUG source.pooled.PooledDataSource  - PooledDataSource forcefully closed/removed all connections.
2021-02-19 21:15:16,427 145    [           main] DEBUG source.pooled.PooledDataSource  - PooledDataSource forcefully closed/removed all connections.
2021-02-19 21:15:16,427 145    [           main] DEBUG source.pooled.PooledDataSource  - PooledDataSource forcefully closed/removed all connections.
2021-02-19 21:15:16,427 145    [           main] DEBUG source.pooled.PooledDataSource  - PooledDataSource forcefully closed/removed all connections.
2021-02-19 21:15:16,566 284    [           main] DEBUG ansaction.jdbc.JdbcTransaction  - Opening JDBC Connection
2021-02-19 21:15:16,872 590    [           main] DEBUG source.pooled.PooledDataSource  - Created connection 592688102.
2021-02-19 21:15:16,872 590    [           main] DEBUG ansaction.jdbc.JdbcTransaction  - Setting autocommit to false on JDBC Connection [com.mysql.jdbc.JDBC4Connection@2353b3e6]
2021-02-19 21:15:16,875 593    [           main] DEBUG .hebeu.dao.IUserDao.deleteUser  - ==>  Preparing: DELETE FROM user WHERE id = ?; 
2021-02-19 21:15:16,913 631    [           main] DEBUG .hebeu.dao.IUserDao.deleteUser  - ==> Parameters: 49(Integer)
2021-02-19 21:15:16,915 633    [           main] DEBUG .hebeu.dao.IUserDao.deleteUser  - <==    Updates: 1
2021-02-19 21:15:16,915 633    [           main] DEBUG ansaction.jdbc.JdbcTransaction  - Committing JDBC Connection [com.mysql.jdbc.JDBC4Connection@2353b3e6]
2021-02-19 21:15:16,917 635    [           main] DEBUG ansaction.jdbc.JdbcTransaction  - Resetting autocommit to true on JDBC Connection [com.mysql.jdbc.JDBC4Connection@2353b3e6]
2021-02-19 21:15:16,918 636    [           main] DEBUG ansaction.jdbc.JdbcTransaction  - Closing JDBC Connection [com.mysql.jdbc.JDBC4Connection@2353b3e6]
2021-02-19 21:15:16,918 636    [           main] DEBUG source.pooled.PooledDataSource  - Returned connection 592688102 to pool.
2021-02-19 21:25:02,643 0      [           main] DEBUG ache.ibatis.logging.LogFactory  - Logging initialized using 'class org.apache.ibatis.logging.log4j.Log4jImpl' adapter.
2021-02-19 21:25:02,717 74     [           main] DEBUG source.pooled.PooledDataSource  - PooledDataSource forcefully closed/removed all connections.
2021-02-19 21:25:02,717 74     [           main] DEBUG source.pooled.PooledDataSource  - PooledDataSource forcefully closed/removed all connections.
2021-02-19 21:25:02,717 74     [           main] DEBUG source.pooled.PooledDataSource  - PooledDataSource forcefully closed/removed all connections.
2021-02-19 21:25:02,717 74     [           main] DEBUG source.pooled.PooledDataSource  - PooledDataSource forcefully closed/removed all connections.
2021-02-19 21:25:02,790 147    [           main] DEBUG ansaction.jdbc.JdbcTransaction  - Opening JDBC Connection
2021-02-19 21:25:02,941 298    [           main] DEBUG source.pooled.PooledDataSource  - Created connection 917819120.
2021-02-19 21:25:02,941 298    [           main] DEBUG ansaction.jdbc.JdbcTransaction  - Setting autocommit to false on JDBC Connection [com.mysql.jdbc.JDBC4Connection@36b4cef0]
2021-02-19 21:25:02,943 300    [           main] DEBUG u.hebeu.dao.IUserDao.selectAll  - ==>  Preparing: SELECT id, username, birthday, sex, address FROM user; 
2021-02-19 21:25:02,963 320    [           main] DEBUG u.hebeu.dao.IUserDao.selectAll  - ==> Parameters: 
2021-02-19 21:25:02,984 341    [           main] DEBUG u.hebeu.dao.IUserDao.selectAll  - <==      Total: 6
2021-02-19 21:25:02,986 343    [           main] DEBUG ansaction.jdbc.JdbcTransaction  - Resetting autocommit to true on JDBC Connection [com.mysql.jdbc.JDBC4Connection@36b4cef0]
2021-02-19 21:25:02,988 345    [           main] DEBUG ansaction.jdbc.JdbcTransaction  - Closing JDBC Connection [com.mysql.jdbc.JDBC4Connection@36b4cef0]
2021-02-19 21:25:02,988 345    [           main] DEBUG source.pooled.PooledDataSource  - Returned connection 917819120 to pool.
2021-02-19 21:27:52,087 0      [           main] DEBUG ache.ibatis.logging.LogFactory  - Logging initialized using 'class org.apache.ibatis.logging.log4j.Log4jImpl' adapter.
2021-02-19 21:27:52,157 70     [           main] DEBUG source.pooled.PooledDataSource  - PooledDataSource forcefully closed/removed all connections.
2021-02-19 21:27:52,157 70     [           main] DEBUG source.pooled.PooledDataSource  - PooledDataSource forcefully closed/removed all connections.
2021-02-19 21:27:52,157 70     [           main] DEBUG source.pooled.PooledDataSource  - PooledDataSource forcefully closed/removed all connections.
2021-02-19 21:27:52,157 70     [           main] DEBUG source.pooled.PooledDataSource  - PooledDataSource forcefully closed/removed all connections.
2021-02-19 21:27:52,229 142    [           main] DEBUG ansaction.jdbc.JdbcTransaction  - Opening JDBC Connection
2021-02-19 21:27:52,427 340    [           main] DEBUG source.pooled.PooledDataSource  - Created connection 438135304.
2021-02-19 21:27:52,427 340    [           main] DEBUG ansaction.jdbc.JdbcTransaction  - Setting autocommit to false on JDBC Connection [com.mysql.jdbc.JDBC4Connection@1a1d6a08]
2021-02-19 21:27:52,429 342    [           main] DEBUG eu.dao.IUserDao.selectUserById  - ==>  Preparing: SELECT id, username, birthday, sex, address FROM user WHERE id = ? 
2021-02-19 21:27:52,447 360    [           main] DEBUG eu.dao.IUserDao.selectUserById  - ==> Parameters: 46(Integer)
2021-02-19 21:27:52,465 378    [           main] DEBUG eu.dao.IUserDao.selectUserById  - <==      Total: 1
2021-02-19 21:27:52,467 380    [           main] DEBUG ansaction.jdbc.JdbcTransaction  - Resetting autocommit to true on JDBC Connection [com.mysql.jdbc.JDBC4Connection@1a1d6a08]
2021-02-19 21:27:52,467 380    [           main] DEBUG ansaction.jdbc.JdbcTransaction  - Closing JDBC Connection [com.mysql.jdbc.JDBC4Connection@1a1d6a08]
2021-02-19 21:27:52,468 381    [           main] DEBUG source.pooled.PooledDataSource  - Returned connection 438135304 to pool.
2021-02-19 21:41:23,406 0      [           main] DEBUG ache.ibatis.logging.LogFactory  - Logging initialized using 'class org.apache.ibatis.logging.log4j.Log4jImpl' adapter.
2021-02-19 21:41:23,549 143    [           main] DEBUG source.pooled.PooledDataSource  - PooledDataSource forcefully closed/removed all connections.
2021-02-19 21:41:23,550 144    [           main] DEBUG source.pooled.PooledDataSource  - PooledDataSource forcefully closed/removed all connections.
2021-02-19 21:41:23,550 144    [           main] DEBUG source.pooled.PooledDataSource  - PooledDataSource forcefully closed/removed all connections.
2021-02-19 21:41:23,550 144    [           main] DEBUG source.pooled.PooledDataSource  - PooledDataSource forcefully closed/removed all connections.
2021-02-19 21:41:23,749 343    [           main] DEBUG ansaction.jdbc.JdbcTransaction  - Opening JDBC Connection
2021-02-19 21:41:24,062 656    [           main] DEBUG source.pooled.PooledDataSource  - Created connection 292917034.
2021-02-19 21:41:24,062 656    [           main] DEBUG ansaction.jdbc.JdbcTransaction  - Setting autocommit to false on JDBC Connection [com.mysql.jdbc.JDBC4Connection@11758f2a]
2021-02-19 21:41:24,065 659    [           main] DEBUG IUserDao.selectUserByCondition  - ==>  Preparing: SELECT id, username, birthday, sex, address FROM user WHERE username LIKE `%t%` 
2021-02-19 21:41:24,093 687    [           main] DEBUG IUserDao.selectUserByCondition  - ==> Parameters: 
2021-02-19 21:41:24,098 692    [           main] DEBUG ansaction.jdbc.JdbcTransaction  - Resetting autocommit to true on JDBC Connection [com.mysql.jdbc.JDBC4Connection@11758f2a]
2021-02-19 21:41:24,099 693    [           main] DEBUG ansaction.jdbc.JdbcTransaction  - Closing JDBC Connection [com.mysql.jdbc.JDBC4Connection@11758f2a]
2021-02-19 21:41:24,099 693    [           main] DEBUG source.pooled.PooledDataSource  - Returned connection 292917034 to pool.
2021-02-19 21:42:17,413 0      [           main] DEBUG ache.ibatis.logging.LogFactory  - Logging initialized using 'class org.apache.ibatis.logging.log4j.Log4jImpl' adapter.
2021-02-19 21:42:17,570 157    [           main] DEBUG source.pooled.PooledDataSource  - PooledDataSource forcefully closed/removed all connections.
2021-02-19 21:42:17,570 157    [           main] DEBUG source.pooled.PooledDataSource  - PooledDataSource forcefully closed/removed all connections.
2021-02-19 21:42:17,570 157    [           main] DEBUG source.pooled.PooledDataSource  - PooledDataSource forcefully closed/removed all connections.
2021-02-19 21:42:17,570 157    [           main] DEBUG source.pooled.PooledDataSource  - PooledDataSource forcefully closed/removed all connections.
2021-02-19 21:42:17,713 300    [           main] DEBUG ansaction.jdbc.JdbcTransaction  - Opening JDBC Connection
2021-02-19 21:42:17,977 564    [           main] DEBUG source.pooled.PooledDataSource  - Created connection 662736689.
2021-02-19 21:42:17,977 564    [           main] DEBUG ansaction.jdbc.JdbcTransaction  - Setting autocommit to false on JDBC Connection [com.mysql.jdbc.JDBC4Connection@27808f31]
2021-02-19 21:42:17,981 568    [           main] DEBUG eu.dao.IUserDao.selectUserById  - ==>  Preparing: SELECT id, username, birthday, sex, address FROM user WHERE id = ? 
2021-02-19 21:42:18,020 607    [           main] DEBUG eu.dao.IUserDao.selectUserById  - ==> Parameters: 46(Integer)
2021-02-19 21:42:18,047 634    [           main] DEBUG eu.dao.IUserDao.selectUserById  - <==      Total: 1
2021-02-19 21:42:18,051 638    [           main] DEBUG ansaction.jdbc.JdbcTransaction  - Resetting autocommit to true on JDBC Connection [com.mysql.jdbc.JDBC4Connection@27808f31]
2021-02-19 21:42:18,052 639    [           main] DEBUG ansaction.jdbc.JdbcTransaction  - Closing JDBC Connection [com.mysql.jdbc.JDBC4Connection@27808f31]
2021-02-19 21:42:18,053 640    [           main] DEBUG source.pooled.PooledDataSource  - Returned connection 662736689 to pool.
2021-02-19 21:42:39,402 0      [           main] DEBUG ache.ibatis.logging.LogFactory  - Logging initialized using 'class org.apache.ibatis.logging.log4j.Log4jImpl' adapter.
2021-02-19 21:42:39,540 138    [           main] DEBUG source.pooled.PooledDataSource  - PooledDataSource forcefully closed/removed all connections.
2021-02-19 21:42:39,540 138    [           main] DEBUG source.pooled.PooledDataSource  - PooledDataSource forcefully closed/removed all connections.
2021-02-19 21:42:39,540 138    [           main] DEBUG source.pooled.PooledDataSource  - PooledDataSource forcefully closed/removed all connections.
2021-02-19 21:42:39,540 138    [           main] DEBUG source.pooled.PooledDataSource  - PooledDataSource forcefully closed/removed all connections.
2021-02-19 21:42:39,702 300    [           main] DEBUG ansaction.jdbc.JdbcTransaction  - Opening JDBC Connection
2021-02-19 21:42:39,996 594    [           main] DEBUG source.pooled.PooledDataSource  - Created connection 438135304.
2021-02-19 21:42:39,996 594    [           main] DEBUG ansaction.jdbc.JdbcTransaction  - Setting autocommit to false on JDBC Connection [com.mysql.jdbc.JDBC4Connection@1a1d6a08]
2021-02-19 21:42:40,000 598    [           main] DEBUG IUserDao.selectUserByCondition  - ==>  Preparing: SELECT id, username, birthday, sex, address FROM user WHERE username LIKE `%?%` 
2021-02-19 21:42:40,037 635    [           main] DEBUG ansaction.jdbc.JdbcTransaction  - Resetting autocommit to true on JDBC Connection [com.mysql.jdbc.JDBC4Connection@1a1d6a08]
2021-02-19 21:42:40,038 636    [           main] DEBUG ansaction.jdbc.JdbcTransaction  - Closing JDBC Connection [com.mysql.jdbc.JDBC4Connection@1a1d6a08]
2021-02-19 21:42:40,038 636    [           main] DEBUG source.pooled.PooledDataSource  - Returned connection 438135304 to pool.
2021-02-19 21:46:31,425 0      [           main] DEBUG ache.ibatis.logging.LogFactory  - Logging initialized using 'class org.apache.ibatis.logging.log4j.Log4jImpl' adapter.
2021-02-19 21:46:31,493 68     [           main] DEBUG source.pooled.PooledDataSource  - PooledDataSource forcefully closed/removed all connections.
2021-02-19 21:46:31,494 69     [           main] DEBUG source.pooled.PooledDataSource  - PooledDataSource forcefully closed/removed all connections.
2021-02-19 21:46:31,494 69     [           main] DEBUG source.pooled.PooledDataSource  - PooledDataSource forcefully closed/removed all connections.
2021-02-19 21:46:31,494 69     [           main] DEBUG source.pooled.PooledDataSource  - PooledDataSource forcefully closed/removed all connections.
2021-02-19 21:46:31,599 174    [           main] DEBUG ansaction.jdbc.JdbcTransaction  - Opening JDBC Connection
2021-02-19 21:46:31,769 344    [           main] DEBUG source.pooled.PooledDataSource  - Created connection 292917034.
2021-02-19 21:46:31,770 345    [           main] DEBUG ansaction.jdbc.JdbcTransaction  - Setting autocommit to false on JDBC Connection [com.mysql.jdbc.JDBC4Connection@11758f2a]
2021-02-19 21:46:31,771 346    [           main] DEBUG IUserDao.selectUserByCondition  - ==>  Preparing: SELECT id, username, birthday, sex, address FROM user WHERE username LIKE '%t%' 
2021-02-19 21:46:31,796 371    [           main] DEBUG IUserDao.selectUserByCondition  - ==> Parameters: 
2021-02-19 21:46:31,810 385    [           main] DEBUG IUserDao.selectUserByCondition  - <==      Total: 0
2021-02-19 21:46:31,811 386    [           main] DEBUG ansaction.jdbc.JdbcTransaction  - Resetting autocommit to true on JDBC Connection [com.mysql.jdbc.JDBC4Connection@11758f2a]
2021-02-19 21:46:31,814 389    [           main] DEBUG ansaction.jdbc.JdbcTransaction  - Closing JDBC Connection [com.mysql.jdbc.JDBC4Connection@11758f2a]
2021-02-19 21:46:31,815 390    [           main] DEBUG source.pooled.PooledDataSource  - Returned connection 292917034 to pool.
2021-02-19 21:46:54,459 0      [           main] DEBUG ache.ibatis.logging.LogFactory  - Logging initialized using 'class org.apache.ibatis.logging.log4j.Log4jImpl' adapter.
2021-02-19 21:46:54,550 91     [           main] DEBUG source.pooled.PooledDataSource  - PooledDataSource forcefully closed/removed all connections.
2021-02-19 21:46:54,550 91     [           main] DEBUG source.pooled.PooledDataSource  - PooledDataSource forcefully closed/removed all connections.
2021-02-19 21:46:54,550 91     [           main] DEBUG source.pooled.PooledDataSource  - PooledDataSource forcefully closed/removed all connections.
2021-02-19 21:46:54,550 91     [           main] DEBUG source.pooled.PooledDataSource  - PooledDataSource forcefully closed/removed all connections.
2021-02-19 21:46:54,671 212    [           main] DEBUG ansaction.jdbc.JdbcTransaction  - Opening JDBC Connection
2021-02-19 21:46:54,830 371    [           main] DEBUG source.pooled.PooledDataSource  - Created connection 292917034.
2021-02-19 21:46:54,830 371    [           main] DEBUG ansaction.jdbc.JdbcTransaction  - Setting autocommit to false on JDBC Connection [com.mysql.jdbc.JDBC4Connection@11758f2a]
2021-02-19 21:46:54,832 373    [           main] DEBUG IUserDao.selectUserByCondition  - ==>  Preparing: SELECT id, username, birthday, sex, address FROM user WHERE username LIKE '%王%' 
2021-02-19 21:46:54,854 395    [           main] DEBUG IUserDao.selectUserByCondition  - ==> Parameters: 
2021-02-19 21:46:54,878 419    [           main] DEBUG IUserDao.selectUserByCondition  - <==      Total: 4
2021-02-19 21:46:54,881 422    [           main] DEBUG ansaction.jdbc.JdbcTransaction  - Resetting autocommit to true on JDBC Connection [com.mysql.jdbc.JDBC4Connection@11758f2a]
2021-02-19 21:46:54,883 424    [           main] DEBUG ansaction.jdbc.JdbcTransaction  - Closing JDBC Connection [com.mysql.jdbc.JDBC4Connection@11758f2a]
2021-02-19 21:46:54,883 424    [           main] DEBUG source.pooled.PooledDataSource  - Returned connection 292917034 to pool.
2021-02-19 21:48:12,938 0      [           main] DEBUG ache.ibatis.logging.LogFactory  - Logging initialized using 'class org.apache.ibatis.logging.log4j.Log4jImpl' adapter.
2021-02-19 21:48:13,011 73     [           main] DEBUG source.pooled.PooledDataSource  - PooledDataSource forcefully closed/removed all connections.
2021-02-19 21:48:13,011 73     [           main] DEBUG source.pooled.PooledDataSource  - PooledDataSource forcefully closed/removed all connections.
2021-02-19 21:48:13,011 73     [           main] DEBUG source.pooled.PooledDataSource  - PooledDataSource forcefully closed/removed all connections.
2021-02-19 21:48:13,011 73     [           main] DEBUG source.pooled.PooledDataSource  - PooledDataSource forcefully closed/removed all connections.
2021-02-19 21:48:13,094 156    [           main] DEBUG ansaction.jdbc.JdbcTransaction  - Opening JDBC Connection
2021-02-19 21:48:13,251 313    [           main] DEBUG source.pooled.PooledDataSource  - Created connection 438135304.
2021-02-19 21:48:13,251 313    [           main] DEBUG ansaction.jdbc.JdbcTransaction  - Setting autocommit to false on JDBC Connection [com.mysql.jdbc.JDBC4Connection@1a1d6a08]
2021-02-19 21:48:13,253 315    [           main] DEBUG IUserDao.selectUserByCondition  - ==>  Preparing: SELECT id, username, birthday, sex, address FROM user WHERE username LIKE CONCAT('%', ?, '%'); 
2021-02-19 21:48:13,271 333    [           main] DEBUG IUserDao.selectUserByCondition  - ==> Parameters: 王(String)
2021-02-19 21:48:13,297 359    [           main] DEBUG IUserDao.selectUserByCondition  - <==      Total: 4
2021-02-19 21:48:13,299 361    [           main] DEBUG ansaction.jdbc.JdbcTransaction  - Resetting autocommit to true on JDBC Connection [com.mysql.jdbc.JDBC4Connection@1a1d6a08]
2021-02-19 21:48:13,300 362    [           main] DEBUG ansaction.jdbc.JdbcTransaction  - Closing JDBC Connection [com.mysql.jdbc.JDBC4Connection@1a1d6a08]
2021-02-19 21:48:13,300 362    [           main] DEBUG source.pooled.PooledDataSource  - Returned connection 438135304 to pool.
2021-02-19 21:54:10,368 0      [           main] DEBUG ache.ibatis.logging.LogFactory  - Logging initialized using 'class org.apache.ibatis.logging.log4j.Log4jImpl' adapter.
2021-02-19 21:54:10,507 139    [           main] DEBUG source.pooled.PooledDataSource  - PooledDataSource forcefully closed/removed all connections.
2021-02-19 21:54:10,507 139    [           main] DEBUG source.pooled.PooledDataSource  - PooledDataSource forcefully closed/removed all connections.
2021-02-19 21:54:10,507 139    [           main] DEBUG source.pooled.PooledDataSource  - PooledDataSource forcefully closed/removed all connections.
2021-02-19 21:54:10,508 140    [           main] DEBUG source.pooled.PooledDataSource  - PooledDataSource forcefully closed/removed all connections.
2021-02-19 21:54:10,647 279    [           main] DEBUG ansaction.jdbc.JdbcTransaction  - Opening JDBC Connection
2021-02-19 21:54:10,914 546    [           main] DEBUG source.pooled.PooledDataSource  - Created connection 917819120.
2021-02-19 21:54:10,914 546    [           main] DEBUG ansaction.jdbc.JdbcTransaction  - Setting autocommit to false on JDBC Connection [com.mysql.jdbc.JDBC4Connection@36b4cef0]
2021-02-19 21:54:10,917 549    [           main] DEBUG u.hebeu.dao.IUserDao.totalUser  - ==>  Preparing: SELECT COUNT(id) total_user FROM user; 
2021-02-19 21:54:10,949 581    [           main] DEBUG u.hebeu.dao.IUserDao.totalUser  - ==> Parameters: 
2021-02-19 21:54:10,972 604    [           main] DEBUG u.hebeu.dao.IUserDao.totalUser  - <==      Total: 1
2021-02-19 21:54:10,973 605    [           main] DEBUG ansaction.jdbc.JdbcTransaction  - Resetting autocommit to true on JDBC Connection [com.mysql.jdbc.JDBC4Connection@36b4cef0]
2021-02-19 21:54:10,974 606    [           main] DEBUG ansaction.jdbc.JdbcTransaction  - Closing JDBC Connection [com.mysql.jdbc.JDBC4Connection@36b4cef0]
2021-02-19 21:54:10,974 606    [           main] DEBUG source.pooled.PooledDataSource  - Returned connection 917819120 to pool.
2021-02-19 21:56:20,678 0      [           main] DEBUG ache.ibatis.logging.LogFactory  - Logging initialized using 'class org.apache.ibatis.logging.log4j.Log4jImpl' adapter.
2021-02-19 21:56:20,755 77     [           main] DEBUG source.pooled.PooledDataSource  - PooledDataSource forcefully closed/removed all connections.
2021-02-19 21:56:20,755 77     [           main] DEBUG source.pooled.PooledDataSource  - PooledDataSource forcefully closed/removed all connections.
2021-02-19 21:56:20,755 77     [           main] DEBUG source.pooled.PooledDataSource  - PooledDataSource forcefully closed/removed all connections.
2021-02-19 21:56:20,755 77     [           main] DEBUG source.pooled.PooledDataSource  - PooledDataSource forcefully closed/removed all connections.
2021-02-19 21:56:20,832 154    [           main] DEBUG ansaction.jdbc.JdbcTransaction  - Opening JDBC Connection
2021-02-19 21:56:21,012 334    [           main] DEBUG source.pooled.PooledDataSource  - Created connection 438135304.
2021-02-19 21:56:21,013 335    [           main] DEBUG ansaction.jdbc.JdbcTransaction  - Setting autocommit to false on JDBC Connection [com.mysql.jdbc.JDBC4Connection@1a1d6a08]
2021-02-19 21:56:21,014 336    [           main] DEBUG IUserDao.selectUserByCondition  - ==>  Preparing: SELECT id, username, birthday, sex, address FROM user WHERE username LIKE CONCAT('%', ?, '%'); 
2021-02-19 21:56:21,040 362    [           main] DEBUG IUserDao.selectUserByCondition  - ==> Parameters: 王(String)
2021-02-19 21:56:21,058 380    [           main] DEBUG IUserDao.selectUserByCondition  - <==      Total: 4
2021-02-19 21:56:21,061 383    [           main] DEBUG ansaction.jdbc.JdbcTransaction  - Resetting autocommit to true on JDBC Connection [com.mysql.jdbc.JDBC4Connection@1a1d6a08]
2021-02-19 21:56:21,062 384    [           main] DEBUG ansaction.jdbc.JdbcTransaction  - Closing JDBC Connection [com.mysql.jdbc.JDBC4Connection@1a1d6a08]
2021-02-19 21:56:21,062 384    [           main] DEBUG source.pooled.PooledDataSource  - Returned connection 438135304 to pool.
2021-02-19 22:19:18,534 0      [           main] DEBUG ache.ibatis.logging.LogFactory  - Logging initialized using 'class org.apache.ibatis.logging.log4j.Log4jImpl' adapter.
2021-02-19 22:19:18,642 108    [           main] DEBUG source.pooled.PooledDataSource  - PooledDataSource forcefully closed/removed all connections.
2021-02-19 22:19:18,642 108    [           main] DEBUG source.pooled.PooledDataSource  - PooledDataSource forcefully closed/removed all connections.
2021-02-19 22:19:18,642 108    [           main] DEBUG source.pooled.PooledDataSource  - PooledDataSource forcefully closed/removed all connections.
2021-02-19 22:19:18,642 108    [           main] DEBUG source.pooled.PooledDataSource  - PooledDataSource forcefully closed/removed all connections.
2021-02-19 22:19:18,731 197    [           main] DEBUG ansaction.jdbc.JdbcTransaction  - Opening JDBC Connection
2021-02-19 22:19:18,887 353    [           main] DEBUG source.pooled.PooledDataSource  - Created connection 205962452.
2021-02-19 22:19:18,887 353    [           main] DEBUG ansaction.jdbc.JdbcTransaction  - Setting autocommit to false on JDBC Connection [com.mysql.jdbc.JDBC4Connection@c46bcd4]
2021-02-19 22:19:18,889 355    [           main] DEBUG .hebeu.dao.IUserDao.insertUser  - ==>  Preparing: INSERT INTO user(username, birthday, sex, address) VALUES(?, ?, ?, ?); 
2021-02-19 22:19:18,919 385    [           main] DEBUG .hebeu.dao.IUserDao.insertUser  - ==> Parameters: 测试03(String), 2021-02-19 22:19:18.716(Timestamp), 男(String), 陕西省渭南市(String)
2021-02-19 22:19:18,920 386    [           main] DEBUG .hebeu.dao.IUserDao.insertUser  - <==    Updates: 1
2021-02-19 22:19:18,922 388    [           main] DEBUG .IUserDao.insertUser!selectKey  - ==>  Preparing: SELECT LAST_INSERT_ID(); 
2021-02-19 22:19:18,922 388    [           main] DEBUG .IUserDao.insertUser!selectKey  - ==> Parameters: 
2021-02-19 22:19:18,936 402    [           main] DEBUG .IUserDao.insertUser!selectKey  - <==      Total: 1
2021-02-19 22:19:18,937 403    [           main] DEBUG ansaction.jdbc.JdbcTransaction  - Committing JDBC Connection [com.mysql.jdbc.JDBC4Connection@c46bcd4]
2021-02-19 22:19:18,939 405    [           main] DEBUG ansaction.jdbc.JdbcTransaction  - Resetting autocommit to true on JDBC Connection [com.mysql.jdbc.JDBC4Connection@c46bcd4]
2021-02-19 22:19:18,940 406    [           main] DEBUG ansaction.jdbc.JdbcTransaction  - Closing JDBC Connection [com.mysql.jdbc.JDBC4Connection@c46bcd4]
2021-02-19 22:19:18,940 406    [           main] DEBUG source.pooled.PooledDataSource  - Returned connection 205962452 to pool.
2021-02-20 09:14:50,784 0      [           main] DEBUG ache.ibatis.logging.LogFactory  - Logging initialized using 'class org.apache.ibatis.logging.log4j.Log4jImpl' adapter.
2021-02-20 09:14:50,928 144    [           main] DEBUG source.pooled.PooledDataSource  - PooledDataSource forcefully closed/removed all connections.
2021-02-20 09:14:50,928 144    [           main] DEBUG source.pooled.PooledDataSource  - PooledDataSource forcefully closed/removed all connections.
2021-02-20 09:14:50,928 144    [           main] DEBUG source.pooled.PooledDataSource  - PooledDataSource forcefully closed/removed all connections.
2021-02-20 09:14:50,928 144    [           main] DEBUG source.pooled.PooledDataSource  - PooledDataSource forcefully closed/removed all connections.
2021-02-20 09:14:51,074 290    [           main] DEBUG ansaction.jdbc.JdbcTransaction  - Opening JDBC Connection
2021-02-20 09:14:51,359 575    [           main] DEBUG source.pooled.PooledDataSource  - Created connection 852687460.
2021-02-20 09:14:51,360 576    [           main] DEBUG ansaction.jdbc.JdbcTransaction  - Setting autocommit to false on JDBC Connection [com.mysql.jdbc.JDBC4Connection@32d2fa64]
2021-02-20 09:14:51,362 578    [           main] DEBUG beu.dao.IUserDao.selectUserDim  - ==>  Preparing: SELECT id, username, birthday, sex, address FROM user WHERE username LIKE CONCAT('%', ?, '%'); 
2021-02-20 09:14:51,395 611    [           main] DEBUG beu.dao.IUserDao.selectUserDim  - ==> Parameters: 王(String)
2021-02-20 09:14:51,427 643    [           main] DEBUG beu.dao.IUserDao.selectUserDim  - <==      Total: 4
2021-02-20 09:14:51,428 644    [           main] DEBUG ansaction.jdbc.JdbcTransaction  - Resetting autocommit to true on JDBC Connection [com.mysql.jdbc.JDBC4Connection@32d2fa64]
2021-02-20 09:14:51,429 645    [           main] DEBUG ansaction.jdbc.JdbcTransaction  - Closing JDBC Connection [com.mysql.jdbc.JDBC4Connection@32d2fa64]
2021-02-20 09:14:51,429 645    [           main] DEBUG source.pooled.PooledDataSource  - Returned connection 852687460 to pool.
2021-02-20 09:24:29,328 0      [           main] DEBUG ache.ibatis.logging.LogFactory  - Logging initialized using 'class org.apache.ibatis.logging.log4j.Log4jImpl' adapter.
2021-02-20 09:24:29,460 132    [           main] DEBUG source.pooled.PooledDataSource  - PooledDataSource forcefully closed/removed all connections.
2021-02-20 09:24:29,460 132    [           main] DEBUG source.pooled.PooledDataSource  - PooledDataSource forcefully closed/removed all connections.
2021-02-20 09:24:29,460 132    [           main] DEBUG source.pooled.PooledDataSource  - PooledDataSource forcefully closed/removed all connections.
2021-02-20 09:24:29,460 132    [           main] DEBUG source.pooled.PooledDataSource  - PooledDataSource forcefully closed/removed all connections.
2021-02-20 09:25:06,333 0      [           main] DEBUG ache.ibatis.logging.LogFactory  - Logging initialized using 'class org.apache.ibatis.logging.log4j.Log4jImpl' adapter.
2021-02-20 09:25:06,483 150    [           main] DEBUG source.pooled.PooledDataSource  - PooledDataSource forcefully closed/removed all connections.
2021-02-20 09:25:06,483 150    [           main] DEBUG source.pooled.PooledDataSource  - PooledDataSource forcefully closed/removed all connections.
2021-02-20 09:25:06,484 151    [           main] DEBUG source.pooled.PooledDataSource  - PooledDataSource forcefully closed/removed all connections.
2021-02-20 09:25:06,484 151    [           main] DEBUG source.pooled.PooledDataSource  - PooledDataSource forcefully closed/removed all connections.
2021-02-20 09:25:06,677 344    [           main] DEBUG ansaction.jdbc.JdbcTransaction  - Opening JDBC Connection
2021-02-20 09:25:07,050 717    [           main] DEBUG source.pooled.PooledDataSource  - Created connection 495792375.
2021-02-20 09:25:07,050 717    [           main] DEBUG ansaction.jdbc.JdbcTransaction  - Setting autocommit to false on JDBC Connection [com.mysql.jdbc.JDBC4Connection@1d8d30f7]
2021-02-20 09:25:07,053 720    [           main] DEBUG eu.dao.IUserDao.selectUserByVo  - ==>  Preparing: SELECT id, username, birthday, sex, address FROM user WHERE username LIKE CONCAT('%', ?, '%'); 
2021-02-20 09:25:07,097 764    [           main] DEBUG eu.dao.IUserDao.selectUserByVo  - ==> Parameters: 王(String)
2021-02-20 09:25:07,130 797    [           main] DEBUG eu.dao.IUserDao.selectUserByVo  - <==      Total: 4
2021-02-20 09:25:07,131 798    [           main] DEBUG ansaction.jdbc.JdbcTransaction  - Resetting autocommit to true on JDBC Connection [com.mysql.jdbc.JDBC4Connection@1d8d30f7]
2021-02-20 09:25:07,131 798    [           main] DEBUG ansaction.jdbc.JdbcTransaction  - Closing JDBC Connection [com.mysql.jdbc.JDBC4Connection@1d8d30f7]
2021-02-20 09:25:07,131 798    [           main] DEBUG source.pooled.PooledDataSource  - Returned connection 495792375 to pool.
2021-02-20 09:25:41,710 0      [           main] DEBUG ache.ibatis.logging.LogFactory  - Logging initialized using 'class org.apache.ibatis.logging.log4j.Log4jImpl' adapter.
2021-02-20 09:25:41,833 123    [           main] DEBUG source.pooled.PooledDataSource  - PooledDataSource forcefully closed/removed all connections.
2021-02-20 09:25:41,833 123    [           main] DEBUG source.pooled.PooledDataSource  - PooledDataSource forcefully closed/removed all connections.
2021-02-20 09:25:41,833 123    [           main] DEBUG source.pooled.PooledDataSource  - PooledDataSource forcefully closed/removed all connections.
2021-02-20 09:25:41,834 124    [           main] DEBUG source.pooled.PooledDataSource  - PooledDataSource forcefully closed/removed all connections.
2021-02-20 09:25:41,993 283    [           main] DEBUG ansaction.jdbc.JdbcTransaction  - Opening JDBC Connection
2021-02-20 09:25:42,305 595    [           main] DEBUG source.pooled.PooledDataSource  - Created connection 495792375.
2021-02-20 09:25:42,306 596    [           main] DEBUG ansaction.jdbc.JdbcTransaction  - Setting autocommit to false on JDBC Connection [com.mysql.jdbc.JDBC4Connection@1d8d30f7]
2021-02-20 09:25:42,308 598    [           main] DEBUG eu.dao.IUserDao.selectUserByVo  - ==>  Preparing: SELECT id, username, birthday, sex, address FROM user WHERE username LIKE CONCAT('%', ?, '%'); 
2021-02-20 09:25:42,342 632    [           main] DEBUG eu.dao.IUserDao.selectUserByVo  - ==> Parameters: t(String)
2021-02-20 09:25:42,360 650    [           main] DEBUG eu.dao.IUserDao.selectUserByVo  - <==      Total: 0
2021-02-20 09:25:42,361 651    [           main] DEBUG ansaction.jdbc.JdbcTransaction  - Resetting autocommit to true on JDBC Connection [com.mysql.jdbc.JDBC4Connection@1d8d30f7]
2021-02-20 09:25:42,362 652    [           main] DEBUG ansaction.jdbc.JdbcTransaction  - Closing JDBC Connection [com.mysql.jdbc.JDBC4Connection@1d8d30f7]
2021-02-20 09:25:42,362 652    [           main] DEBUG source.pooled.PooledDataSource  - Returned connection 495792375 to pool.
2021-02-20 09:26:03,134 0      [           main] DEBUG ache.ibatis.logging.LogFactory  - Logging initialized using 'class org.apache.ibatis.logging.log4j.Log4jImpl' adapter.
2021-02-20 09:26:03,263 129    [           main] DEBUG source.pooled.PooledDataSource  - PooledDataSource forcefully closed/removed all connections.
2021-02-20 09:26:03,263 129    [           main] DEBUG source.pooled.PooledDataSource  - PooledDataSource forcefully closed/removed all connections.
2021-02-20 09:26:03,263 129    [           main] DEBUG source.pooled.PooledDataSource  - PooledDataSource forcefully closed/removed all connections.
2021-02-20 09:26:03,263 129    [           main] DEBUG source.pooled.PooledDataSource  - PooledDataSource forcefully closed/removed all connections.
2021-02-20 09:26:03,421 287    [           main] DEBUG ansaction.jdbc.JdbcTransaction  - Opening JDBC Connection
2021-02-20 09:26:03,735 601    [           main] DEBUG source.pooled.PooledDataSource  - Created connection 495792375.
2021-02-20 09:26:03,735 601    [           main] DEBUG ansaction.jdbc.JdbcTransaction  - Setting autocommit to false on JDBC Connection [com.mysql.jdbc.JDBC4Connection@1d8d30f7]
2021-02-20 09:26:03,738 604    [           main] DEBUG eu.dao.IUserDao.selectUserByVo  - ==>  Preparing: SELECT id, username, birthday, sex, address FROM user WHERE username LIKE CONCAT('%', ?, '%'); 
2021-02-20 09:26:03,773 639    [           main] DEBUG eu.dao.IUserDao.selectUserByVo  - ==> Parameters: 测(String)
2021-02-20 09:26:03,798 664    [           main] DEBUG eu.dao.IUserDao.selectUserByVo  - <==      Total: 1
2021-02-20 09:26:03,799 665    [           main] DEBUG ansaction.jdbc.JdbcTransaction  - Resetting autocommit to true on JDBC Connection [com.mysql.jdbc.JDBC4Connection@1d8d30f7]
2021-02-20 09:26:03,801 667    [           main] DEBUG ansaction.jdbc.JdbcTransaction  - Closing JDBC Connection [com.mysql.jdbc.JDBC4Connection@1d8d30f7]
2021-02-20 09:26:03,801 667    [           main] DEBUG source.pooled.PooledDataSource  - Returned connection 495792375 to pool.
2021-02-20 09:39:28,974 0      [           main] DEBUG ache.ibatis.logging.LogFactory  - Logging initialized using 'class org.apache.ibatis.logging.log4j.Log4jImpl' adapter.
2021-02-20 09:39:29,105 131    [           main] DEBUG source.pooled.PooledDataSource  - PooledDataSource forcefully closed/removed all connections.
2021-02-20 09:39:29,105 131    [           main] DEBUG source.pooled.PooledDataSource  - PooledDataSource forcefully closed/removed all connections.
2021-02-20 09:39:29,105 131    [           main] DEBUG source.pooled.PooledDataSource  - PooledDataSource forcefully closed/removed all connections.
2021-02-20 09:39:29,105 131    [           main] DEBUG source.pooled.PooledDataSource  - PooledDataSource forcefully closed/removed all connections.
2021-02-20 09:39:29,242 268    [           main] DEBUG ansaction.jdbc.JdbcTransaction  - Opening JDBC Connection
2021-02-20 09:39:29,511 537    [           main] DEBUG source.pooled.PooledDataSource  - Created connection 495792375.
2021-02-20 09:39:29,511 537    [           main] DEBUG ansaction.jdbc.JdbcTransaction  - Setting autocommit to false on JDBC Connection [com.mysql.jdbc.JDBC4Connection@1d8d30f7]
2021-02-20 09:39:29,516 542    [           main] DEBUG eu.dao.IUserDao.selectUserByVo  - ==>  Preparing: SELECT id, username, birthday, sex, address FROM user WHERE username LIKE CONCAT('%', ?, '%'); 
2021-02-20 09:39:29,565 591    [           main] DEBUG eu.dao.IUserDao.selectUserByVo  - ==> Parameters: 测(String)
2021-02-20 09:39:29,598 624    [           main] DEBUG eu.dao.IUserDao.selectUserByVo  - <==      Total: 1
2021-02-20 09:39:29,604 630    [           main] DEBUG ansaction.jdbc.JdbcTransaction  - Resetting autocommit to true on JDBC Connection [com.mysql.jdbc.JDBC4Connection@1d8d30f7]
2021-02-20 09:39:29,606 632    [           main] DEBUG ansaction.jdbc.JdbcTransaction  - Closing JDBC Connection [com.mysql.jdbc.JDBC4Connection@1d8d30f7]
2021-02-20 09:39:29,606 632    [           main] DEBUG source.pooled.PooledDataSource  - Returned connection 495792375 to pool.
2021-02-20 11:23:46,167 0      [           main] DEBUG ache.ibatis.logging.LogFactory  - Logging initialized using 'class org.apache.ibatis.logging.log4j.Log4jImpl' adapter.
2021-02-20 11:23:46,303 136    [           main] DEBUG source.pooled.PooledDataSource  - PooledDataSource forcefully closed/removed all connections.
2021-02-20 11:23:46,304 137    [           main] DEBUG source.pooled.PooledDataSource  - PooledDataSource forcefully closed/removed all connections.
2021-02-20 11:23:46,304 137    [           main] DEBUG source.pooled.PooledDataSource  - PooledDataSource forcefully closed/removed all connections.
2021-02-20 11:23:46,304 137    [           main] DEBUG source.pooled.PooledDataSource  - PooledDataSource forcefully closed/removed all connections.
2021-02-20 11:23:46,446 279    [           main] DEBUG ansaction.jdbc.JdbcTransaction  - Opening JDBC Connection
2021-02-20 11:23:46,758 591    [           main] DEBUG source.pooled.PooledDataSource  - Created connection 1131316523.
2021-02-20 11:23:46,758 591    [           main] DEBUG ansaction.jdbc.JdbcTransaction  - Setting autocommit to false on JDBC Connection [com.mysql.jdbc.JDBC4Connection@436e852b]
2021-02-20 11:23:46,760 593    [           main] DEBUG u.hebeu.dao.IUserDao.selectAll  - ==>  Preparing: SELECT id, username, birthday, sex, address FROM user; 
2021-02-20 11:23:46,792 625    [           main] DEBUG u.hebeu.dao.IUserDao.selectAll  - ==> Parameters: 
2021-02-20 11:23:46,816 649    [           main] DEBUG u.hebeu.dao.IUserDao.selectAll  - <==      Total: 7
2021-02-20 11:23:46,817 650    [           main] DEBUG ansaction.jdbc.JdbcTransaction  - Resetting autocommit to true on JDBC Connection [com.mysql.jdbc.JDBC4Connection@436e852b]
2021-02-20 11:23:46,818 651    [           main] DEBUG ansaction.jdbc.JdbcTransaction  - Closing JDBC Connection [com.mysql.jdbc.JDBC4Connection@436e852b]
2021-02-20 11:23:46,818 651    [           main] DEBUG source.pooled.PooledDataSource  - Returned connection 1131316523 to pool.
2021-02-20 11:31:59,098 0      [           main] DEBUG ache.ibatis.logging.LogFactory  - Logging initialized using 'class org.apache.ibatis.logging.log4j.Log4jImpl' adapter.
2021-02-20 11:31:59,218 120    [           main] DEBUG source.pooled.PooledDataSource  - PooledDataSource forcefully closed/removed all connections.
2021-02-20 11:31:59,219 121    [           main] DEBUG source.pooled.PooledDataSource  - PooledDataSource forcefully closed/removed all connections.
2021-02-20 11:31:59,219 121    [           main] DEBUG source.pooled.PooledDataSource  - PooledDataSource forcefully closed/removed all connections.
2021-02-20 11:31:59,219 121    [           main] DEBUG source.pooled.PooledDataSource  - PooledDataSource forcefully closed/removed all connections.
2021-02-20 11:31:59,351 253    [           main] DEBUG ansaction.jdbc.JdbcTransaction  - Opening JDBC Connection
2021-02-20 11:31:59,659 561    [           main] DEBUG source.pooled.PooledDataSource  - Created connection 1800890735.
2021-02-20 11:31:59,660 562    [           main] DEBUG ansaction.jdbc.JdbcTransaction  - Setting autocommit to false on JDBC Connection [com.mysql.jdbc.JDBC4Connection@6b57696f]
2021-02-20 11:31:59,663 565    [           main] DEBUG u.hebeu.dao.IUserDao.selectAll  - ==>  Preparing: SELECT id AS userId, username AS userName, birthday AS userBirthday, sex AS userSex, address AS userAddress FROM user; 
2021-02-20 11:31:59,697 599    [           main] DEBUG u.hebeu.dao.IUserDao.selectAll  - ==> Parameters: 
2021-02-20 11:31:59,732 634    [           main] DEBUG u.hebeu.dao.IUserDao.selectAll  - <==      Total: 7
2021-02-20 11:31:59,733 635    [           main] DEBUG ansaction.jdbc.JdbcTransaction  - Resetting autocommit to true on JDBC Connection [com.mysql.jdbc.JDBC4Connection@6b57696f]
2021-02-20 11:31:59,735 637    [           main] DEBUG ansaction.jdbc.JdbcTransaction  - Closing JDBC Connection [com.mysql.jdbc.JDBC4Connection@6b57696f]
2021-02-20 11:31:59,735 637    [           main] DEBUG source.pooled.PooledDataSource  - Returned connection 1800890735 to pool.
2021-02-20 11:36:24,588 0      [           main] DEBUG ache.ibatis.logging.LogFactory  - Logging initialized using 'class org.apache.ibatis.logging.log4j.Log4jImpl' adapter.
2021-02-20 11:36:24,726 138    [           main] DEBUG source.pooled.PooledDataSource  - PooledDataSource forcefully closed/removed all connections.
2021-02-20 11:36:24,726 138    [           main] DEBUG source.pooled.PooledDataSource  - PooledDataSource forcefully closed/removed all connections.
2021-02-20 11:36:24,726 138    [           main] DEBUG source.pooled.PooledDataSource  - PooledDataSource forcefully closed/removed all connections.
2021-02-20 11:36:24,726 138    [           main] DEBUG source.pooled.PooledDataSource  - PooledDataSource forcefully closed/removed all connections.
2021-02-20 11:36:24,861 273    [           main] DEBUG ansaction.jdbc.JdbcTransaction  - Opening JDBC Connection
2021-02-20 11:36:25,124 536    [           main] DEBUG source.pooled.PooledDataSource  - Created connection 1800890735.
2021-02-20 11:36:25,124 536    [           main] DEBUG ansaction.jdbc.JdbcTransaction  - Setting autocommit to false on JDBC Connection [com.mysql.jdbc.JDBC4Connection@6b57696f]
2021-02-20 11:36:25,128 540    [           main] DEBUG u.hebeu.dao.IUserDao.selectAll  - ==>  Preparing: SELECT id, username, birthday, sex, address FROM user; 
2021-02-20 11:36:25,162 574    [           main] DEBUG u.hebeu.dao.IUserDao.selectAll  - ==> Parameters: 
2021-02-20 11:36:25,199 611    [           main] DEBUG u.hebeu.dao.IUserDao.selectAll  - <==      Total: 7
2021-02-20 11:36:25,204 616    [           main] DEBUG ansaction.jdbc.JdbcTransaction  - Resetting autocommit to true on JDBC Connection [com.mysql.jdbc.JDBC4Connection@6b57696f]
2021-02-20 11:36:25,205 617    [           main] DEBUG ansaction.jdbc.JdbcTransaction  - Closing JDBC Connection [com.mysql.jdbc.JDBC4Connection@6b57696f]
2021-02-20 11:36:25,205 617    [           main] DEBUG source.pooled.PooledDataSource  - Returned connection 1800890735 to pool.
2021-02-20 11:42:13,037 0      [           main] DEBUG ache.ibatis.logging.LogFactory  - Logging initialized using 'class org.apache.ibatis.logging.log4j.Log4jImpl' adapter.
2021-02-20 11:42:13,115 78     [           main] DEBUG source.pooled.PooledDataSource  - PooledDataSource forcefully closed/removed all connections.
2021-02-20 11:42:13,115 78     [           main] DEBUG source.pooled.PooledDataSource  - PooledDataSource forcefully closed/removed all connections.
2021-02-20 11:42:13,115 78     [           main] DEBUG source.pooled.PooledDataSource  - PooledDataSource forcefully closed/removed all connections.
2021-02-20 11:42:13,116 79     [           main] DEBUG source.pooled.PooledDataSource  - PooledDataSource forcefully closed/removed all connections.
2021-02-20 11:42:13,201 164    [           main] DEBUG ansaction.jdbc.JdbcTransaction  - Opening JDBC Connection
2021-02-20 11:42:13,348 311    [           main] DEBUG source.pooled.PooledDataSource  - Created connection 1045941616.
2021-02-20 11:42:13,348 311    [           main] DEBUG ansaction.jdbc.JdbcTransaction  - Setting autocommit to false on JDBC Connection [com.mysql.jdbc.JDBC4Connection@3e57cd70]
2021-02-20 11:42:13,350 313    [           main] DEBUG .hebeu.dao.IUserDao.insertUser  - ==>  Preparing: INSERT INTO user(username, birthday, sex, address) VALUES(?, ?, ?, ?); 
2021-02-20 11:42:13,374 337    [           main] DEBUG .hebeu.dao.IUserDao.insertUser  - ==> Parameters: 测试009(String), 2021-02-20 11:42:13.193(Timestamp), 男(String), 陕西省渭南市(String)
2021-02-20 11:42:13,376 339    [           main] DEBUG .hebeu.dao.IUserDao.insertUser  - <==    Updates: 1
2021-02-20 11:42:13,378 341    [           main] DEBUG .IUserDao.insertUser!selectKey  - ==>  Preparing: SELECT LAST_INSERT_ID(); 
2021-02-20 11:42:13,378 341    [           main] DEBUG .IUserDao.insertUser!selectKey  - ==> Parameters: 
2021-02-20 11:42:13,397 360    [           main] DEBUG .IUserDao.insertUser!selectKey  - <==      Total: 1
2021-02-20 11:42:13,398 361    [           main] DEBUG ansaction.jdbc.JdbcTransaction  - Rolling back JDBC Connection [com.mysql.jdbc.JDBC4Connection@3e57cd70]
2021-02-20 11:42:13,400 363    [           main] DEBUG ansaction.jdbc.JdbcTransaction  - Resetting autocommit to true on JDBC Connection [com.mysql.jdbc.JDBC4Connection@3e57cd70]
2021-02-20 11:42:13,400 363    [           main] DEBUG ansaction.jdbc.JdbcTransaction  - Closing JDBC Connection [com.mysql.jdbc.JDBC4Connection@3e57cd70]
2021-02-20 11:42:13,401 364    [           main] DEBUG source.pooled.PooledDataSource  - Returned connection 1045941616 to pool.
2021-02-20 11:42:47,648 0      [           main] DEBUG ache.ibatis.logging.LogFactory  - Logging initialized using 'class org.apache.ibatis.logging.log4j.Log4jImpl' adapter.
2021-02-20 11:42:47,719 71     [           main] DEBUG source.pooled.PooledDataSource  - PooledDataSource forcefully closed/removed all connections.
2021-02-20 11:42:47,719 71     [           main] DEBUG source.pooled.PooledDataSource  - PooledDataSource forcefully closed/removed all connections.
2021-02-20 11:42:47,719 71     [           main] DEBUG source.pooled.PooledDataSource  - PooledDataSource forcefully closed/removed all connections.
2021-02-20 11:42:47,719 71     [           main] DEBUG source.pooled.PooledDataSource  - PooledDataSource forcefully closed/removed all connections.
2021-02-20 11:42:47,807 159    [           main] DEBUG ansaction.jdbc.JdbcTransaction  - Opening JDBC Connection
2021-02-20 11:42:47,967 319    [           main] DEBUG source.pooled.PooledDataSource  - Created connection 1045941616.
2021-02-20 11:42:47,967 319    [           main] DEBUG ansaction.jdbc.JdbcTransaction  - Setting autocommit to false on JDBC Connection [com.mysql.jdbc.JDBC4Connection@3e57cd70]
2021-02-20 11:42:47,968 320    [           main] DEBUG .hebeu.dao.IUserDao.insertUser  - ==>  Preparing: INSERT INTO user(username, birthday, sex, address) VALUES(?, ?, ?, ?); 
2021-02-20 11:42:48,002 354    [           main] DEBUG .hebeu.dao.IUserDao.insertUser  - ==> Parameters: 测试009(String), 2021-02-20 11:42:47.795(Timestamp), 男(String), 陕西省渭南市(String)
2021-02-20 11:42:48,006 358    [           main] DEBUG .hebeu.dao.IUserDao.insertUser  - <==    Updates: 1
2021-02-20 11:42:48,008 360    [           main] DEBUG .IUserDao.insertUser!selectKey  - ==>  Preparing: SELECT LAST_INSERT_ID(); 
2021-02-20 11:42:48,008 360    [           main] DEBUG .IUserDao.insertUser!selectKey  - ==> Parameters: 
2021-02-20 11:42:48,023 375    [           main] DEBUG .IUserDao.insertUser!selectKey  - <==      Total: 1
2021-02-20 11:42:48,024 376    [           main] DEBUG ansaction.jdbc.JdbcTransaction  - Committing JDBC Connection [com.mysql.jdbc.JDBC4Connection@3e57cd70]
2021-02-20 11:42:48,026 378    [           main] DEBUG ansaction.jdbc.JdbcTransaction  - Resetting autocommit to true on JDBC Connection [com.mysql.jdbc.JDBC4Connection@3e57cd70]
2021-02-20 11:42:48,030 382    [           main] DEBUG ansaction.jdbc.JdbcTransaction  - Closing JDBC Connection [com.mysql.jdbc.JDBC4Connection@3e57cd70]
2021-02-20 11:42:48,030 382    [           main] DEBUG source.pooled.PooledDataSource  - Returned connection 1045941616 to pool.
2021-02-20 11:43:27,036 1      [           main] DEBUG ache.ibatis.logging.LogFactory  - Logging initialized using 'class org.apache.ibatis.logging.log4j.Log4jImpl' adapter.
2021-02-20 11:43:27,119 84     [           main] DEBUG source.pooled.PooledDataSource  - PooledDataSource forcefully closed/removed all connections.
2021-02-20 11:43:27,119 84     [           main] DEBUG source.pooled.PooledDataSource  - PooledDataSource forcefully closed/removed all connections.
2021-02-20 11:43:27,119 84     [           main] DEBUG source.pooled.PooledDataSource  - PooledDataSource forcefully closed/removed all connections.
2021-02-20 11:43:27,119 84     [           main] DEBUG source.pooled.PooledDataSource  - PooledDataSource forcefully closed/removed all connections.
2021-02-20 11:43:27,203 168    [           main] DEBUG ansaction.jdbc.JdbcTransaction  - Opening JDBC Connection
2021-02-20 11:43:27,353 318    [           main] DEBUG source.pooled.PooledDataSource  - Created connection 495792375.
2021-02-20 11:43:27,353 318    [           main] DEBUG ansaction.jdbc.JdbcTransaction  - Setting autocommit to false on JDBC Connection [com.mysql.jdbc.JDBC4Connection@1d8d30f7]
2021-02-20 11:43:27,355 320    [           main] DEBUG .hebeu.dao.IUserDao.deleteUser  - ==>  Preparing: DELETE FROM user WHERE id = ?; 
2021-02-20 11:43:27,372 337    [           main] DEBUG .hebeu.dao.IUserDao.deleteUser  - ==> Parameters: 40(Integer)
2021-02-20 11:43:27,373 338    [           main] DEBUG .hebeu.dao.IUserDao.deleteUser  - <==    Updates: 0
2021-02-20 11:43:27,373 338    [           main] DEBUG ansaction.jdbc.JdbcTransaction  - Committing JDBC Connection [com.mysql.jdbc.JDBC4Connection@1d8d30f7]
2021-02-20 11:43:27,374 339    [           main] DEBUG ansaction.jdbc.JdbcTransaction  - Resetting autocommit to true on JDBC Connection [com.mysql.jdbc.JDBC4Connection@1d8d30f7]
2021-02-20 11:43:27,374 339    [           main] DEBUG ansaction.jdbc.JdbcTransaction  - Closing JDBC Connection [com.mysql.jdbc.JDBC4Connection@1d8d30f7]
2021-02-20 11:43:27,374 339    [           main] DEBUG source.pooled.PooledDataSource  - Returned connection 495792375 to pool.
2021-02-20 11:44:44,037 0      [           main] DEBUG ache.ibatis.logging.LogFactory  - Logging initialized using 'class org.apache.ibatis.logging.log4j.Log4jImpl' adapter.
2021-02-20 11:44:44,158 121    [           main] DEBUG source.pooled.PooledDataSource  - PooledDataSource forcefully closed/removed all connections.
2021-02-20 11:44:44,158 121    [           main] DEBUG source.pooled.PooledDataSource  - PooledDataSource forcefully closed/removed all connections.
2021-02-20 11:44:44,158 121    [           main] DEBUG source.pooled.PooledDataSource  - PooledDataSource forcefully closed/removed all connections.
2021-02-20 11:44:44,158 121    [           main] DEBUG source.pooled.PooledDataSource  - PooledDataSource forcefully closed/removed all connections.
2021-02-20 11:44:44,292 255    [           main] DEBUG ansaction.jdbc.JdbcTransaction  - Opening JDBC Connection
2021-02-20 11:44:44,572 535    [           main] DEBUG source.pooled.PooledDataSource  - Created connection 495792375.
2021-02-20 11:44:44,572 535    [           main] DEBUG ansaction.jdbc.JdbcTransaction  - Setting autocommit to false on JDBC Connection [com.mysql.jdbc.JDBC4Connection@1d8d30f7]
2021-02-20 11:44:44,576 539    [           main] DEBUG .hebeu.dao.IUserDao.updateUser  - ==>  Preparing: UPDATE user SET username = ?, birthday = ?, sex = ?, address = ? WHERE id = ?; 
2021-02-20 11:44:44,626 589    [           main] DEBUG .hebeu.dao.IUserDao.updateUser  - ==> Parameters: 测试修改(String), 2021-02-20 11:44:44.278(Timestamp), 女(String), 陕西省(String), 52(Integer)
2021-02-20 11:44:44,630 593    [           main] DEBUG .hebeu.dao.IUserDao.updateUser  - <==    Updates: 1
2021-02-20 11:44:44,631 594    [           main] DEBUG ansaction.jdbc.JdbcTransaction  - Committing JDBC Connection [com.mysql.jdbc.JDBC4Connection@1d8d30f7]
2021-02-20 11:44:44,633 596    [           main] DEBUG ansaction.jdbc.JdbcTransaction  - Resetting autocommit to true on JDBC Connection [com.mysql.jdbc.JDBC4Connection@1d8d30f7]
2021-02-20 11:44:44,636 599    [           main] DEBUG ansaction.jdbc.JdbcTransaction  - Closing JDBC Connection [com.mysql.jdbc.JDBC4Connection@1d8d30f7]
2021-02-20 11:44:44,636 599    [           main] DEBUG source.pooled.PooledDataSource  - Returned connection 495792375 to pool.
2021-02-20 11:45:30,625 0      [           main] DEBUG ache.ibatis.logging.LogFactory  - Logging initialized using 'class org.apache.ibatis.logging.log4j.Log4jImpl' adapter.
2021-02-20 11:45:30,760 135    [           main] DEBUG source.pooled.PooledDataSource  - PooledDataSource forcefully closed/removed all connections.
2021-02-20 11:45:30,760 135    [           main] DEBUG source.pooled.PooledDataSource  - PooledDataSource forcefully closed/removed all connections.
2021-02-20 11:45:30,760 135    [           main] DEBUG source.pooled.PooledDataSource  - PooledDataSource forcefully closed/removed all connections.
2021-02-20 11:45:30,760 135    [           main] DEBUG source.pooled.PooledDataSource  - PooledDataSource forcefully closed/removed all connections.
2021-02-20 11:45:30,900 275    [           main] DEBUG ansaction.jdbc.JdbcTransaction  - Opening JDBC Connection
2021-02-20 11:45:31,153 528    [           main] DEBUG source.pooled.PooledDataSource  - Created connection 495792375.
2021-02-20 11:45:31,154 529    [           main] DEBUG ansaction.jdbc.JdbcTransaction  - Setting autocommit to false on JDBC Connection [com.mysql.jdbc.JDBC4Connection@1d8d30f7]
2021-02-20 11:45:31,157 532    [           main] DEBUG .hebeu.dao.IUserDao.deleteUser  - ==>  Preparing: DELETE FROM user WHERE id = ?; 
2021-02-20 11:45:31,193 568    [           main] DEBUG .hebeu.dao.IUserDao.deleteUser  - ==> Parameters: 52(Integer)
2021-02-20 11:45:31,196 571    [           main] DEBUG .hebeu.dao.IUserDao.deleteUser  - <==    Updates: 1
2021-02-20 11:45:31,197 572    [           main] DEBUG ansaction.jdbc.JdbcTransaction  - Committing JDBC Connection [com.mysql.jdbc.JDBC4Connection@1d8d30f7]
2021-02-20 11:45:31,199 574    [           main] DEBUG ansaction.jdbc.JdbcTransaction  - Resetting autocommit to true on JDBC Connection [com.mysql.jdbc.JDBC4Connection@1d8d30f7]
2021-02-20 11:45:31,200 575    [           main] DEBUG ansaction.jdbc.JdbcTransaction  - Closing JDBC Connection [com.mysql.jdbc.JDBC4Connection@1d8d30f7]
2021-02-20 11:45:31,200 575    [           main] DEBUG source.pooled.PooledDataSource  - Returned connection 495792375 to pool.
2021-02-20 11:45:42,907 0      [           main] DEBUG ache.ibatis.logging.LogFactory  - Logging initialized using 'class org.apache.ibatis.logging.log4j.Log4jImpl' adapter.
2021-02-20 11:45:43,036 129    [           main] DEBUG source.pooled.PooledDataSource  - PooledDataSource forcefully closed/removed all connections.
2021-02-20 11:45:43,036 129    [           main] DEBUG source.pooled.PooledDataSource  - PooledDataSource forcefully closed/removed all connections.
2021-02-20 11:45:43,036 129    [           main] DEBUG source.pooled.PooledDataSource  - PooledDataSource forcefully closed/removed all connections.
2021-02-20 11:45:43,036 129    [           main] DEBUG source.pooled.PooledDataSource  - PooledDataSource forcefully closed/removed all connections.
2021-02-20 11:45:43,179 272    [           main] DEBUG ansaction.jdbc.JdbcTransaction  - Opening JDBC Connection
2021-02-20 11:45:43,476 569    [           main] DEBUG source.pooled.PooledDataSource  - Created connection 1800890735.
2021-02-20 11:45:43,477 570    [           main] DEBUG ansaction.jdbc.JdbcTransaction  - Setting autocommit to false on JDBC Connection [com.mysql.jdbc.JDBC4Connection@6b57696f]
2021-02-20 11:45:43,480 573    [           main] DEBUG u.hebeu.dao.IUserDao.selectAll  - ==>  Preparing: SELECT id, username, birthday, sex, address FROM user; 
2021-02-20 11:45:43,521 614    [           main] DEBUG u.hebeu.dao.IUserDao.selectAll  - ==> Parameters: 
2021-02-20 11:45:43,558 651    [           main] DEBUG u.hebeu.dao.IUserDao.selectAll  - <==      Total: 7
2021-02-20 11:45:43,559 652    [           main] DEBUG ansaction.jdbc.JdbcTransaction  - Resetting autocommit to true on JDBC Connection [com.mysql.jdbc.JDBC4Connection@6b57696f]
2021-02-20 11:45:43,561 654    [           main] DEBUG ansaction.jdbc.JdbcTransaction  - Closing JDBC Connection [com.mysql.jdbc.JDBC4Connection@6b57696f]
2021-02-20 11:45:43,561 654    [           main] DEBUG source.pooled.PooledDataSource  - Returned connection 1800890735 to pool.
2021-02-20 11:46:18,898 0      [           main] DEBUG ache.ibatis.logging.LogFactory  - Logging initialized using 'class org.apache.ibatis.logging.log4j.Log4jImpl' adapter.
2021-02-20 11:46:19,015 117    [           main] DEBUG source.pooled.PooledDataSource  - PooledDataSource forcefully closed/removed all connections.
2021-02-20 11:46:19,015 117    [           main] DEBUG source.pooled.PooledDataSource  - PooledDataSource forcefully closed/removed all connections.
2021-02-20 11:46:19,015 117    [           main] DEBUG source.pooled.PooledDataSource  - PooledDataSource forcefully closed/removed all connections.
2021-02-20 11:46:19,016 118    [           main] DEBUG source.pooled.PooledDataSource  - PooledDataSource forcefully closed/removed all connections.
2021-02-20 11:46:19,151 253    [           main] DEBUG ansaction.jdbc.JdbcTransaction  - Opening JDBC Connection
2021-02-20 11:46:19,423 525    [           main] DEBUG source.pooled.PooledDataSource  - Created connection 1805013491.
2021-02-20 11:46:19,424 526    [           main] DEBUG ansaction.jdbc.JdbcTransaction  - Setting autocommit to false on JDBC Connection [com.mysql.jdbc.JDBC4Connection@6b9651f3]
2021-02-20 11:46:19,428 530    [           main] DEBUG eu.dao.IUserDao.selectUserById  - ==>  Preparing: SELECT id, username, birthday, sex, address FROM user WHERE id = ?; 
2021-02-20 11:46:19,462 564    [           main] DEBUG eu.dao.IUserDao.selectUserById  - ==> Parameters: 46(Integer)
2021-02-20 11:46:19,495 597    [           main] DEBUG eu.dao.IUserDao.selectUserById  - <==      Total: 1
2021-02-20 11:46:19,500 602    [           main] DEBUG ansaction.jdbc.JdbcTransaction  - Resetting autocommit to true on JDBC Connection [com.mysql.jdbc.JDBC4Connection@6b9651f3]
2021-02-20 11:46:19,500 602    [           main] DEBUG ansaction.jdbc.JdbcTransaction  - Closing JDBC Connection [com.mysql.jdbc.JDBC4Connection@6b9651f3]
2021-02-20 11:46:19,501 603    [           main] DEBUG source.pooled.PooledDataSource  - Returned connection 1805013491 to pool.
2021-02-20 11:47:16,260 0      [           main] DEBUG ache.ibatis.logging.LogFactory  - Logging initialized using 'class org.apache.ibatis.logging.log4j.Log4jImpl' adapter.
2021-02-20 11:47:16,393 133    [           main] DEBUG source.pooled.PooledDataSource  - PooledDataSource forcefully closed/removed all connections.
2021-02-20 11:47:16,393 133    [           main] DEBUG source.pooled.PooledDataSource  - PooledDataSource forcefully closed/removed all connections.
2021-02-20 11:47:16,393 133    [           main] DEBUG source.pooled.PooledDataSource  - PooledDataSource forcefully closed/removed all connections.
2021-02-20 11:47:16,393 133    [           main] DEBUG source.pooled.PooledDataSource  - PooledDataSource forcefully closed/removed all connections.
2021-02-20 11:47:16,531 271    [           main] DEBUG ansaction.jdbc.JdbcTransaction  - Opening JDBC Connection
2021-02-20 11:47:16,828 568    [           main] DEBUG source.pooled.PooledDataSource  - Created connection 1805013491.
2021-02-20 11:47:16,828 568    [           main] DEBUG ansaction.jdbc.JdbcTransaction  - Setting autocommit to false on JDBC Connection [com.mysql.jdbc.JDBC4Connection@6b9651f3]
2021-02-20 11:47:16,831 571    [           main] DEBUG eu.dao.IUserDao.selectUserById  - ==>  Preparing: SELECT id, username, birthday, sex, address FROM user WHERE id = ?; 
2021-02-20 11:47:16,870 610    [           main] DEBUG eu.dao.IUserDao.selectUserById  - ==> Parameters: 46(Integer)
2021-02-20 11:47:16,896 636    [           main] DEBUG eu.dao.IUserDao.selectUserById  - <==      Total: 1
2021-02-20 11:47:16,900 640    [           main] DEBUG ansaction.jdbc.JdbcTransaction  - Resetting autocommit to true on JDBC Connection [com.mysql.jdbc.JDBC4Connection@6b9651f3]
2021-02-20 11:47:16,901 641    [           main] DEBUG ansaction.jdbc.JdbcTransaction  - Closing JDBC Connection [com.mysql.jdbc.JDBC4Connection@6b9651f3]
2021-02-20 11:47:16,902 642    [           main] DEBUG source.pooled.PooledDataSource  - Returned connection 1805013491 to pool.
2021-02-20 11:49:12,983 0      [           main] DEBUG ache.ibatis.logging.LogFactory  - Logging initialized using 'class org.apache.ibatis.logging.log4j.Log4jImpl' adapter.
2021-02-20 11:49:13,102 119    [           main] DEBUG source.pooled.PooledDataSource  - PooledDataSource forcefully closed/removed all connections.
2021-02-20 11:49:13,102 119    [           main] DEBUG source.pooled.PooledDataSource  - PooledDataSource forcefully closed/removed all connections.
2021-02-20 11:49:13,102 119    [           main] DEBUG source.pooled.PooledDataSource  - PooledDataSource forcefully closed/removed all connections.
2021-02-20 11:49:13,102 119    [           main] DEBUG source.pooled.PooledDataSource  - PooledDataSource forcefully closed/removed all connections.
2021-02-20 11:49:13,233 250    [           main] DEBUG ansaction.jdbc.JdbcTransaction  - Opening JDBC Connection
2021-02-20 11:49:13,488 505    [           main] DEBUG source.pooled.PooledDataSource  - Created connection 1800890735.
2021-02-20 11:49:13,488 505    [           main] DEBUG ansaction.jdbc.JdbcTransaction  - Setting autocommit to false on JDBC Connection [com.mysql.jdbc.JDBC4Connection@6b57696f]
2021-02-20 11:49:13,492 509    [           main] DEBUG u.hebeu.dao.IUserDao.selectAll  - ==>  Preparing: SELECT id, username, birthday, sex, address FROM user; 
2021-02-20 11:49:13,538 555    [           main] DEBUG u.hebeu.dao.IUserDao.selectAll  - ==> Parameters: 
2021-02-20 11:49:13,580 597    [           main] DEBUG u.hebeu.dao.IUserDao.selectAll  - <==      Total: 7
2021-02-20 11:49:13,583 600    [           main] DEBUG ansaction.jdbc.JdbcTransaction  - Resetting autocommit to true on JDBC Connection [com.mysql.jdbc.JDBC4Connection@6b57696f]
2021-02-20 11:49:13,584 601    [           main] DEBUG ansaction.jdbc.JdbcTransaction  - Closing JDBC Connection [com.mysql.jdbc.JDBC4Connection@6b57696f]
2021-02-20 11:49:13,584 601    [           main] DEBUG source.pooled.PooledDataSource  - Returned connection 1800890735 to pool.
2021-02-20 11:49:26,150 0      [           main] DEBUG ache.ibatis.logging.LogFactory  - Logging initialized using 'class org.apache.ibatis.logging.log4j.Log4jImpl' adapter.
2021-02-20 11:49:26,267 117    [           main] DEBUG source.pooled.PooledDataSource  - PooledDataSource forcefully closed/removed all connections.
2021-02-20 11:49:26,267 117    [           main] DEBUG source.pooled.PooledDataSource  - PooledDataSource forcefully closed/removed all connections.
2021-02-20 11:49:26,267 117    [           main] DEBUG source.pooled.PooledDataSource  - PooledDataSource forcefully closed/removed all connections.
2021-02-20 11:49:26,267 117    [           main] DEBUG source.pooled.PooledDataSource  - PooledDataSource forcefully closed/removed all connections.
2021-02-20 11:49:26,401 251    [           main] DEBUG ansaction.jdbc.JdbcTransaction  - Opening JDBC Connection
2021-02-20 11:49:26,693 543    [           main] DEBUG source.pooled.PooledDataSource  - Created connection 1805013491.
2021-02-20 11:49:26,693 543    [           main] DEBUG ansaction.jdbc.JdbcTransaction  - Setting autocommit to false on JDBC Connection [com.mysql.jdbc.JDBC4Connection@6b9651f3]
2021-02-20 11:49:26,696 546    [           main] DEBUG eu.dao.IUserDao.selectUserById  - ==>  Preparing: SELECT id, username, birthday, sex, address FROM user WHERE id = ?; 
2021-02-20 11:49:26,730 580    [           main] DEBUG eu.dao.IUserDao.selectUserById  - ==> Parameters: 46(Integer)
2021-02-20 11:49:26,757 607    [           main] DEBUG eu.dao.IUserDao.selectUserById  - <==      Total: 1
2021-02-20 11:49:26,762 612    [           main] DEBUG ansaction.jdbc.JdbcTransaction  - Resetting autocommit to true on JDBC Connection [com.mysql.jdbc.JDBC4Connection@6b9651f3]
2021-02-20 11:49:26,763 613    [           main] DEBUG ansaction.jdbc.JdbcTransaction  - Closing JDBC Connection [com.mysql.jdbc.JDBC4Connection@6b9651f3]
2021-02-20 11:49:26,764 614    [           main] DEBUG source.pooled.PooledDataSource  - Returned connection 1805013491 to pool.
2021-02-20 11:50:19,778 0      [           main] DEBUG ache.ibatis.logging.LogFactory  - Logging initialized using 'class org.apache.ibatis.logging.log4j.Log4jImpl' adapter.
2021-02-20 11:50:19,898 120    [           main] DEBUG source.pooled.PooledDataSource  - PooledDataSource forcefully closed/removed all connections.
2021-02-20 11:50:19,898 120    [           main] DEBUG source.pooled.PooledDataSource  - PooledDataSource forcefully closed/removed all connections.
2021-02-20 11:50:19,898 120    [           main] DEBUG source.pooled.PooledDataSource  - PooledDataSource forcefully closed/removed all connections.
2021-02-20 11:50:19,898 120    [           main] DEBUG source.pooled.PooledDataSource  - PooledDataSource forcefully closed/removed all connections.
2021-02-20 11:50:32,160 0      [           main] DEBUG ache.ibatis.logging.LogFactory  - Logging initialized using 'class org.apache.ibatis.logging.log4j.Log4jImpl' adapter.
2021-02-20 11:50:32,295 135    [           main] DEBUG source.pooled.PooledDataSource  - PooledDataSource forcefully closed/removed all connections.
2021-02-20 11:50:32,295 135    [           main] DEBUG source.pooled.PooledDataSource  - PooledDataSource forcefully closed/removed all connections.
2021-02-20 11:50:32,295 135    [           main] DEBUG source.pooled.PooledDataSource  - PooledDataSource forcefully closed/removed all connections.
2021-02-20 11:50:32,295 135    [           main] DEBUG source.pooled.PooledDataSource  - PooledDataSource forcefully closed/removed all connections.
2021-02-20 11:50:32,435 275    [           main] DEBUG ansaction.jdbc.JdbcTransaction  - Opening JDBC Connection
2021-02-20 11:50:32,723 563    [           main] DEBUG source.pooled.PooledDataSource  - Created connection 1805013491.
2021-02-20 11:50:32,724 564    [           main] DEBUG ansaction.jdbc.JdbcTransaction  - Setting autocommit to false on JDBC Connection [com.mysql.jdbc.JDBC4Connection@6b9651f3]
2021-02-20 11:50:32,727 567    [           main] DEBUG beu.dao.IUserDao.selectUserDim  - ==>  Preparing: SELECT id, username, birthday, sex, address FROM user WHERE username LIKE CONCAT('%', ?, '%'); 
2021-02-20 11:50:32,767 607    [           main] DEBUG beu.dao.IUserDao.selectUserDim  - ==> Parameters: 王(String)
2021-02-20 11:50:32,790 630    [           main] DEBUG beu.dao.IUserDao.selectUserDim  - <==      Total: 4
2021-02-20 11:50:32,795 635    [           main] DEBUG ansaction.jdbc.JdbcTransaction  - Resetting autocommit to true on JDBC Connection [com.mysql.jdbc.JDBC4Connection@6b9651f3]
2021-02-20 11:50:32,796 636    [           main] DEBUG ansaction.jdbc.JdbcTransaction  - Closing JDBC Connection [com.mysql.jdbc.JDBC4Connection@6b9651f3]
2021-02-20 11:50:32,796 636    [           main] DEBUG source.pooled.PooledDataSource  - Returned connection 1805013491 to pool.
2021-02-20 11:51:30,794 1      [           main] DEBUG ache.ibatis.logging.LogFactory  - Logging initialized using 'class org.apache.ibatis.logging.log4j.Log4jImpl' adapter.
2021-02-20 11:51:30,912 119    [           main] DEBUG source.pooled.PooledDataSource  - PooledDataSource forcefully closed/removed all connections.
2021-02-20 11:51:30,913 120    [           main] DEBUG source.pooled.PooledDataSource  - PooledDataSource forcefully closed/removed all connections.
2021-02-20 11:51:30,913 120    [           main] DEBUG source.pooled.PooledDataSource  - PooledDataSource forcefully closed/removed all connections.
2021-02-20 11:51:30,913 120    [           main] DEBUG source.pooled.PooledDataSource  - PooledDataSource forcefully closed/removed all connections.
2021-02-20 11:52:04,068 0      [           main] DEBUG ache.ibatis.logging.LogFactory  - Logging initialized using 'class org.apache.ibatis.logging.log4j.Log4jImpl' adapter.
2021-02-20 11:52:04,196 128    [           main] DEBUG source.pooled.PooledDataSource  - PooledDataSource forcefully closed/removed all connections.
2021-02-20 11:52:04,196 128    [           main] DEBUG source.pooled.PooledDataSource  - PooledDataSource forcefully closed/removed all connections.
2021-02-20 11:52:04,196 128    [           main] DEBUG source.pooled.PooledDataSource  - PooledDataSource forcefully closed/removed all connections.
2021-02-20 11:52:04,196 128    [           main] DEBUG source.pooled.PooledDataSource  - PooledDataSource forcefully closed/removed all connections.
2021-02-20 11:52:04,334 266    [           main] DEBUG ansaction.jdbc.JdbcTransaction  - Opening JDBC Connection
2021-02-20 11:52:04,609 541    [           main] DEBUG source.pooled.PooledDataSource  - Created connection 1805013491.
2021-02-20 11:52:04,609 541    [           main] DEBUG ansaction.jdbc.JdbcTransaction  - Setting autocommit to false on JDBC Connection [com.mysql.jdbc.JDBC4Connection@6b9651f3]
2021-02-20 11:52:04,612 544    [           main] DEBUG eu.dao.IUserDao.selectUserByVo  - ==>  Preparing: SELECT id, username, birthday, sex, address FROM user WHERE username LIKE CONCAT('%', ?, '%'); 
2021-02-20 11:52:04,660 592    [           main] DEBUG eu.dao.IUserDao.selectUserByVo  - ==> Parameters: 测(String)
2021-02-20 11:52:04,688 620    [           main] DEBUG eu.dao.IUserDao.selectUserByVo  - <==      Total: 1
2021-02-20 11:52:04,689 621    [           main] DEBUG ansaction.jdbc.JdbcTransaction  - Resetting autocommit to true on JDBC Connection [com.mysql.jdbc.JDBC4Connection@6b9651f3]
2021-02-20 11:52:04,690 622    [           main] DEBUG ansaction.jdbc.JdbcTransaction  - Closing JDBC Connection [com.mysql.jdbc.JDBC4Connection@6b9651f3]
2021-02-20 11:52:04,691 623    [           main] DEBUG source.pooled.PooledDataSource  - Returned connection 1805013491 to pool.
2021-02-20 12:48:13,546 0      [           main] DEBUG ache.ibatis.logging.LogFactory  - Logging initialized using 'class org.apache.ibatis.logging.log4j.Log4jImpl' adapter.
2021-02-20 12:48:13,686 140    [           main] DEBUG source.pooled.PooledDataSource  - PooledDataSource forcefully closed/removed all connections.
2021-02-20 12:48:13,686 140    [           main] DEBUG source.pooled.PooledDataSource  - PooledDataSource forcefully closed/removed all connections.
2021-02-20 12:48:13,687 141    [           main] DEBUG source.pooled.PooledDataSource  - PooledDataSource forcefully closed/removed all connections.
2021-02-20 12:48:13,687 141    [           main] DEBUG source.pooled.PooledDataSource  - PooledDataSource forcefully closed/removed all connections.
2021-02-20 12:48:13,830 284    [           main] DEBUG ansaction.jdbc.JdbcTransaction  - Opening JDBC Connection
2021-02-20 12:48:14,125 579    [           main] DEBUG source.pooled.PooledDataSource  - Created connection 1045941616.
2021-02-20 12:48:14,125 579    [           main] DEBUG ansaction.jdbc.JdbcTransaction  - Setting autocommit to false on JDBC Connection [com.mysql.jdbc.JDBC4Connection@3e57cd70]
2021-02-20 12:48:14,128 582    [           main] DEBUG .hebeu.dao.IUserDao.insertUser  - ==>  Preparing: INSERT INTO user(username, birthday, sex, address) VALUES(?, ?, ?, ?); 
2021-02-20 12:48:14,177 631    [           main] DEBUG .hebeu.dao.IUserDao.insertUser  - ==> Parameters: 测试009(String), 2021-02-20 12:48:13.817(Timestamp), 男(String), 陕西省渭南市(String)
2021-02-20 12:48:14,179 633    [           main] DEBUG .hebeu.dao.IUserDao.insertUser  - <==    Updates: 1
2021-02-20 12:48:14,181 635    [           main] DEBUG .IUserDao.insertUser!selectKey  - ==>  Preparing: SELECT LAST_INSERT_ID(); 
2021-02-20 12:48:14,181 635    [           main] DEBUG .IUserDao.insertUser!selectKey  - ==> Parameters: 
2021-02-20 12:48:14,199 653    [           main] DEBUG .IUserDao.insertUser!selectKey  - <==      Total: 1
2021-02-20 12:48:14,199 653    [           main] DEBUG ansaction.jdbc.JdbcTransaction  - Committing JDBC Connection [com.mysql.jdbc.JDBC4Connection@3e57cd70]
2021-02-20 12:48:14,202 656    [           main] DEBUG ansaction.jdbc.JdbcTransaction  - Resetting autocommit to true on JDBC Connection [com.mysql.jdbc.JDBC4Connection@3e57cd70]
2021-02-20 12:48:14,203 657    [           main] DEBUG ansaction.jdbc.JdbcTransaction  - Closing JDBC Connection [com.mysql.jdbc.JDBC4Connection@3e57cd70]
2021-02-20 12:48:14,205 659    [           main] DEBUG source.pooled.PooledDataSource  - Returned connection 1045941616 to pool.
2021-02-20 20:49:20,275 0      [           main] DEBUG ache.ibatis.logging.LogFactory  - Logging initialized using 'class org.apache.ibatis.logging.log4j.Log4jImpl' adapter.
2021-02-20 20:49:20,423 148    [           main] DEBUG source.pooled.PooledDataSource  - PooledDataSource forcefully closed/removed all connections.
2021-02-20 20:49:20,423 148    [           main] DEBUG source.pooled.PooledDataSource  - PooledDataSource forcefully closed/removed all connections.
2021-02-20 20:49:20,423 148    [           main] DEBUG source.pooled.PooledDataSource  - PooledDataSource forcefully closed/removed all connections.
2021-02-20 20:49:20,423 148    [           main] DEBUG source.pooled.PooledDataSource  - PooledDataSource forcefully closed/removed all connections.
2021-02-20 20:49:20,567 292    [           main] DEBUG ansaction.jdbc.JdbcTransaction  - Opening JDBC Connection
2021-02-20 20:49:20,844 569    [           main] DEBUG source.pooled.PooledDataSource  - Created connection 1800890735.
2021-02-20 20:49:20,844 569    [           main] DEBUG ansaction.jdbc.JdbcTransaction  - Setting autocommit to false on JDBC Connection [com.mysql.jdbc.JDBC4Connection@6b57696f]
2021-02-20 20:49:20,847 572    [           main] DEBUG u.hebeu.dao.IUserDao.selectAll  - ==>  Preparing: SELECT id, username, birthday, sex, address FROM user; 
2021-02-20 20:49:20,891 616    [           main] DEBUG u.hebeu.dao.IUserDao.selectAll  - ==> Parameters: 
2021-02-20 20:49:20,939 664    [           main] DEBUG u.hebeu.dao.IUserDao.selectAll  - <==      Total: 10
2021-02-20 20:49:20,944 669    [           main] DEBUG ansaction.jdbc.JdbcTransaction  - Resetting autocommit to true on JDBC Connection [com.mysql.jdbc.JDBC4Connection@6b57696f]
2021-02-20 20:49:20,945 670    [           main] DEBUG ansaction.jdbc.JdbcTransaction  - Closing JDBC Connection [com.mysql.jdbc.JDBC4Connection@6b57696f]
2021-02-20 20:49:20,945 670    [           main] DEBUG source.pooled.PooledDataSource  - Returned connection 1800890735 to pool.
