2021-02-20 12:39:54,465 0      [           main] DEBUG ache.ibatis.logging.LogFactory  - Logging initialized using 'class org.apache.ibatis.logging.log4j.Log4jImpl' adapter.
2021-02-20 12:39:54,597 132    [           main] DEBUG source.pooled.PooledDataSource  - PooledDataSource forcefully closed/removed all connections.
2021-02-20 12:39:54,597 132    [           main] DEBUG source.pooled.PooledDataSource  - PooledDataSource forcefully closed/removed all connections.
2021-02-20 12:39:54,597 132    [           main] DEBUG source.pooled.PooledDataSource  - PooledDataSource forcefully closed/removed all connections.
2021-02-20 12:39:54,597 132    [           main] DEBUG source.pooled.PooledDataSource  - PooledDataSource forcefully closed/removed all connections.
2021-02-20 12:40:17,707 0      [           main] DEBUG ache.ibatis.logging.LogFactory  - Logging initialized using 'class org.apache.ibatis.logging.log4j.Log4jImpl' adapter.
2021-02-20 12:40:17,840 133    [           main] DEBUG source.pooled.PooledDataSource  - PooledDataSource forcefully closed/removed all connections.
2021-02-20 12:40:17,840 133    [           main] DEBUG source.pooled.PooledDataSource  - PooledDataSource forcefully closed/removed all connections.
2021-02-20 12:40:17,840 133    [           main] DEBUG source.pooled.PooledDataSource  - PooledDataSource forcefully closed/removed all connections.
2021-02-20 12:40:17,840 133    [           main] DEBUG source.pooled.PooledDataSource  - PooledDataSource forcefully closed/removed all connections.
2021-02-20 12:42:24,379 0      [           main] DEBUG ache.ibatis.logging.LogFactory  - Logging initialized using 'class org.apache.ibatis.logging.log4j.Log4jImpl' adapter.
2021-02-20 12:42:24,512 133    [           main] DEBUG source.pooled.PooledDataSource  - PooledDataSource forcefully closed/removed all connections.
2021-02-20 12:42:24,513 134    [           main] DEBUG source.pooled.PooledDataSource  - PooledDataSource forcefully closed/removed all connections.
2021-02-20 12:42:24,513 134    [           main] DEBUG source.pooled.PooledDataSource  - PooledDataSource forcefully closed/removed all connections.
2021-02-20 12:42:24,513 134    [           main] DEBUG source.pooled.PooledDataSource  - PooledDataSource forcefully closed/removed all connections.
2021-02-20 12:49:03,784 0      [           main] DEBUG ache.ibatis.logging.LogFactory  - Logging initialized using 'class org.apache.ibatis.logging.log4j.Log4jImpl' adapter.
2021-02-20 12:49:03,917 133    [           main] DEBUG source.pooled.PooledDataSource  - PooledDataSource forcefully closed/removed all connections.
2021-02-20 12:49:03,917 133    [           main] DEBUG source.pooled.PooledDataSource  - PooledDataSource forcefully closed/removed all connections.
2021-02-20 12:49:03,918 134    [           main] DEBUG source.pooled.PooledDataSource  - PooledDataSource forcefully closed/removed all connections.
2021-02-20 12:49:03,918 134    [           main] DEBUG source.pooled.PooledDataSource  - PooledDataSource forcefully closed/removed all connections.
2021-02-20 12:50:33,179 0      [           main] DEBUG ache.ibatis.logging.LogFactory  - Logging initialized using 'class org.apache.ibatis.logging.log4j.Log4jImpl' adapter.
2021-02-20 12:50:33,298 119    [           main] DEBUG source.pooled.PooledDataSource  - PooledDataSource forcefully closed/removed all connections.
2021-02-20 12:50:33,298 119    [           main] DEBUG source.pooled.PooledDataSource  - PooledDataSource forcefully closed/removed all connections.
2021-02-20 12:50:33,298 119    [           main] DEBUG source.pooled.PooledDataSource  - PooledDataSource forcefully closed/removed all connections.
2021-02-20 12:50:33,298 119    [           main] DEBUG source.pooled.PooledDataSource  - PooledDataSource forcefully closed/removed all connections.
2021-02-20 12:52:42,526 0      [           main] DEBUG ache.ibatis.logging.LogFactory  - Logging initialized using 'class org.apache.ibatis.logging.log4j.Log4jImpl' adapter.
2021-02-20 12:52:42,665 139    [           main] DEBUG source.pooled.PooledDataSource  - PooledDataSource forcefully closed/removed all connections.
2021-02-20 12:52:42,665 139    [           main] DEBUG source.pooled.PooledDataSource  - PooledDataSource forcefully closed/removed all connections.
2021-02-20 12:52:42,666 140    [           main] DEBUG source.pooled.PooledDataSource  - PooledDataSource forcefully closed/removed all connections.
2021-02-20 12:52:42,666 140    [           main] DEBUG source.pooled.PooledDataSource  - PooledDataSource forcefully closed/removed all connections.
2021-02-20 12:55:44,213 0      [           main] DEBUG ache.ibatis.logging.LogFactory  - Logging initialized using 'class org.apache.ibatis.logging.log4j.Log4jImpl' adapter.
2021-02-20 12:55:44,290 77     [           main] DEBUG source.pooled.PooledDataSource  - PooledDataSource forcefully closed/removed all connections.
2021-02-20 12:55:44,290 77     [           main] DEBUG source.pooled.PooledDataSource  - PooledDataSource forcefully closed/removed all connections.
2021-02-20 12:55:44,291 78     [           main] DEBUG source.pooled.PooledDataSource  - PooledDataSource forcefully closed/removed all connections.
2021-02-20 12:55:44,291 78     [           main] DEBUG source.pooled.PooledDataSource  - PooledDataSource forcefully closed/removed all connections.
2021-02-20 12:55:44,382 169    [           main] DEBUG ansaction.jdbc.JdbcTransaction  - Opening JDBC Connection
2021-02-20 12:55:44,582 369    [           main] DEBUG source.pooled.PooledDataSource  - Created connection 842326585.
2021-02-20 12:55:44,582 369    [           main] DEBUG ansaction.jdbc.JdbcTransaction  - Setting autocommit to false on JDBC Connection [com.mysql.jdbc.JDBC4Connection@3234e239]
2021-02-20 12:55:44,584 371    [           main] DEBUG .hebeu.dao.IUserDao.insertUser  - ==>  Preparing: INSERT INTO user(username, birthday, sex, address) VALUES(?, ?, ?, ?); 
2021-02-20 12:55:44,622 409    [           main] DEBUG .hebeu.dao.IUserDao.insertUser  - ==> Parameters: 测试100(String), 2021-02-20 12:55:44.368(Timestamp), 男(String), 江苏省(String)
2021-02-20 12:55:44,627 414    [           main] DEBUG .hebeu.dao.IUserDao.insertUser  - <==    Updates: 1
2021-02-20 12:55:44,629 416    [           main] DEBUG .IUserDao.insertUser!selectKey  - ==>  Preparing: SELECT LAST_INSERT_ID(); 
2021-02-20 12:55:44,630 417    [           main] DEBUG .IUserDao.insertUser!selectKey  - ==> Parameters: 
2021-02-20 12:55:44,642 429    [           main] DEBUG .IUserDao.insertUser!selectKey  - <==      Total: 1
2021-02-20 12:55:44,643 430    [           main] DEBUG ansaction.jdbc.JdbcTransaction  - Committing JDBC Connection [com.mysql.jdbc.JDBC4Connection@3234e239]
2021-02-20 12:55:44,644 431    [           main] DEBUG ansaction.jdbc.JdbcTransaction  - Resetting autocommit to true on JDBC Connection [com.mysql.jdbc.JDBC4Connection@3234e239]
2021-02-20 12:55:44,645 432    [           main] DEBUG ansaction.jdbc.JdbcTransaction  - Closing JDBC Connection [com.mysql.jdbc.JDBC4Connection@3234e239]
2021-02-20 12:55:44,645 432    [           main] DEBUG source.pooled.PooledDataSource  - Returned connection 842326585 to pool.
2021-02-20 12:56:58,590 1      [           main] DEBUG ache.ibatis.logging.LogFactory  - Logging initialized using 'class org.apache.ibatis.logging.log4j.Log4jImpl' adapter.
2021-02-20 12:56:58,732 143    [           main] DEBUG source.pooled.PooledDataSource  - PooledDataSource forcefully closed/removed all connections.
2021-02-20 12:56:58,732 143    [           main] DEBUG source.pooled.PooledDataSource  - PooledDataSource forcefully closed/removed all connections.
2021-02-20 12:56:58,732 143    [           main] DEBUG source.pooled.PooledDataSource  - PooledDataSource forcefully closed/removed all connections.
2021-02-20 12:56:58,732 143    [           main] DEBUG source.pooled.PooledDataSource  - PooledDataSource forcefully closed/removed all connections.
2021-02-20 12:56:58,856 267    [           main] DEBUG ansaction.jdbc.JdbcTransaction  - Opening JDBC Connection
2021-02-20 12:56:59,121 532    [           main] DEBUG source.pooled.PooledDataSource  - Created connection 842326585.
2021-02-20 12:56:59,121 532    [           main] DEBUG ansaction.jdbc.JdbcTransaction  - Setting autocommit to false on JDBC Connection [com.mysql.jdbc.JDBC4Connection@3234e239]
2021-02-20 12:56:59,124 535    [           main] DEBUG .hebeu.dao.IUserDao.insertUser  - ==>  Preparing: INSERT INTO user(username, birthday, sex, address) VALUES(?, ?, ?, ?); 
2021-02-20 12:56:59,156 567    [           main] DEBUG .hebeu.dao.IUserDao.insertUser  - ==> Parameters: 测试120(String), 2021-02-20 12:56:58.837(Timestamp), 男(String), 江苏省(String)
2021-02-20 12:56:59,158 569    [           main] DEBUG .hebeu.dao.IUserDao.insertUser  - <==    Updates: 1
2021-02-20 12:56:59,160 571    [           main] DEBUG .IUserDao.insertUser!selectKey  - ==>  Preparing: SELECT LAST_INSERT_ID(); 
2021-02-20 12:56:59,160 571    [           main] DEBUG .IUserDao.insertUser!selectKey  - ==> Parameters: 
2021-02-20 12:56:59,179 590    [           main] DEBUG .IUserDao.insertUser!selectKey  - <==      Total: 1
2021-02-20 12:56:59,180 591    [           main] DEBUG ansaction.jdbc.JdbcTransaction  - Committing JDBC Connection [com.mysql.jdbc.JDBC4Connection@3234e239]
2021-02-20 12:56:59,182 593    [           main] DEBUG ansaction.jdbc.JdbcTransaction  - Resetting autocommit to true on JDBC Connection [com.mysql.jdbc.JDBC4Connection@3234e239]
2021-02-20 12:56:59,182 593    [           main] DEBUG ansaction.jdbc.JdbcTransaction  - Closing JDBC Connection [com.mysql.jdbc.JDBC4Connection@3234e239]
2021-02-20 12:56:59,182 593    [           main] DEBUG source.pooled.PooledDataSource  - Returned connection 842326585 to pool.
2021-02-20 12:58:01,869 0      [           main] DEBUG ache.ibatis.logging.LogFactory  - Logging initialized using 'class org.apache.ibatis.logging.log4j.Log4jImpl' adapter.
2021-02-20 12:58:01,998 129    [           main] DEBUG source.pooled.PooledDataSource  - PooledDataSource forcefully closed/removed all connections.
2021-02-20 12:58:01,998 129    [           main] DEBUG source.pooled.PooledDataSource  - PooledDataSource forcefully closed/removed all connections.
2021-02-20 12:58:01,998 129    [           main] DEBUG source.pooled.PooledDataSource  - PooledDataSource forcefully closed/removed all connections.
2021-02-20 12:58:01,998 129    [           main] DEBUG source.pooled.PooledDataSource  - PooledDataSource forcefully closed/removed all connections.
2021-02-20 12:58:02,123 254    [           main] DEBUG ansaction.jdbc.JdbcTransaction  - Opening JDBC Connection
2021-02-20 12:58:02,394 525    [           main] DEBUG source.pooled.PooledDataSource  - Created connection 205962452.
2021-02-20 12:58:02,394 525    [           main] DEBUG ansaction.jdbc.JdbcTransaction  - Setting autocommit to false on JDBC Connection [com.mysql.jdbc.JDBC4Connection@c46bcd4]
2021-02-20 12:58:02,397 528    [           main] DEBUG .hebeu.dao.IUserDao.deleteUser  - ==>  Preparing: DELETE FROM user WHERE id = ?; 
2021-02-20 12:58:02,428 559    [           main] DEBUG .hebeu.dao.IUserDao.deleteUser  - ==> Parameters: 55(Integer)
2021-02-20 12:58:02,429 560    [           main] DEBUG .hebeu.dao.IUserDao.deleteUser  - <==    Updates: 1
2021-02-20 12:58:02,430 561    [           main] DEBUG ansaction.jdbc.JdbcTransaction  - Committing JDBC Connection [com.mysql.jdbc.JDBC4Connection@c46bcd4]
2021-02-20 12:58:02,432 563    [           main] DEBUG ansaction.jdbc.JdbcTransaction  - Resetting autocommit to true on JDBC Connection [com.mysql.jdbc.JDBC4Connection@c46bcd4]
2021-02-20 12:58:02,433 564    [           main] DEBUG ansaction.jdbc.JdbcTransaction  - Closing JDBC Connection [com.mysql.jdbc.JDBC4Connection@c46bcd4]
2021-02-20 12:58:02,433 564    [           main] DEBUG source.pooled.PooledDataSource  - Returned connection 205962452 to pool.
2021-02-20 13:01:23,480 0      [           main] DEBUG ache.ibatis.logging.LogFactory  - Logging initialized using 'class org.apache.ibatis.logging.log4j.Log4jImpl' adapter.
2021-02-20 13:01:23,640 160    [           main] DEBUG source.pooled.PooledDataSource  - PooledDataSource forcefully closed/removed all connections.
2021-02-20 13:01:23,640 160    [           main] DEBUG source.pooled.PooledDataSource  - PooledDataSource forcefully closed/removed all connections.
2021-02-20 13:01:23,640 160    [           main] DEBUG source.pooled.PooledDataSource  - PooledDataSource forcefully closed/removed all connections.
2021-02-20 13:01:23,640 160    [           main] DEBUG source.pooled.PooledDataSource  - PooledDataSource forcefully closed/removed all connections.
2021-02-20 13:01:23,781 301    [           main] DEBUG ansaction.jdbc.JdbcTransaction  - Opening JDBC Connection
2021-02-20 13:01:24,051 571    [           main] DEBUG source.pooled.PooledDataSource  - Created connection 205962452.
2021-02-20 13:01:24,052 572    [           main] DEBUG ansaction.jdbc.JdbcTransaction  - Setting autocommit to false on JDBC Connection [com.mysql.jdbc.JDBC4Connection@c46bcd4]
2021-02-20 13:01:24,054 574    [           main] DEBUG .hebeu.dao.IUserDao.updateUser  - ==>  Preparing: UPDATE user SET username = ?, birthday = ?, sex = ?, address = ? WHERE id = ?; 
2021-02-20 13:01:24,106 626    [           main] DEBUG .hebeu.dao.IUserDao.updateUser  - ==> Parameters: 测试修改username(String), 2021-02-20 13:01:23.763(Timestamp), 男(String), 浙江省(String), 50(Integer)
2021-02-20 13:01:24,108 628    [           main] DEBUG .hebeu.dao.IUserDao.updateUser  - <==    Updates: 1
2021-02-20 13:01:24,109 629    [           main] DEBUG ansaction.jdbc.JdbcTransaction  - Committing JDBC Connection [com.mysql.jdbc.JDBC4Connection@c46bcd4]
2021-02-20 13:01:24,111 631    [           main] DEBUG ansaction.jdbc.JdbcTransaction  - Resetting autocommit to true on JDBC Connection [com.mysql.jdbc.JDBC4Connection@c46bcd4]
2021-02-20 13:01:24,111 631    [           main] DEBUG ansaction.jdbc.JdbcTransaction  - Closing JDBC Connection [com.mysql.jdbc.JDBC4Connection@c46bcd4]
2021-02-20 13:01:24,112 632    [           main] DEBUG source.pooled.PooledDataSource  - Returned connection 205962452 to pool.
2021-02-20 13:03:05,071 0      [           main] DEBUG ache.ibatis.logging.LogFactory  - Logging initialized using 'class org.apache.ibatis.logging.log4j.Log4jImpl' adapter.
2021-02-20 13:03:05,196 125    [           main] DEBUG source.pooled.PooledDataSource  - PooledDataSource forcefully closed/removed all connections.
2021-02-20 13:03:05,197 126    [           main] DEBUG source.pooled.PooledDataSource  - PooledDataSource forcefully closed/removed all connections.
2021-02-20 13:03:05,197 126    [           main] DEBUG source.pooled.PooledDataSource  - PooledDataSource forcefully closed/removed all connections.
2021-02-20 13:03:05,197 126    [           main] DEBUG source.pooled.PooledDataSource  - PooledDataSource forcefully closed/removed all connections.
2021-02-20 13:03:05,328 257    [           main] DEBUG ansaction.jdbc.JdbcTransaction  - Opening JDBC Connection
2021-02-20 13:03:05,744 673    [           main] DEBUG source.pooled.PooledDataSource  - Created connection 936580213.
2021-02-20 13:03:05,744 673    [           main] DEBUG ansaction.jdbc.JdbcTransaction  - Setting autocommit to false on JDBC Connection [com.mysql.jdbc.JDBC4Connection@37d31475]
2021-02-20 13:03:05,747 676    [           main] DEBUG beu.dao.IUserDao.selectUserAll  - ==>  Preparing: SELECT id, username, birthday, sex, address FROM user; 
2021-02-20 13:03:05,782 711    [           main] DEBUG beu.dao.IUserDao.selectUserAll  - ==> Parameters: 
2021-02-20 13:03:05,813 742    [           main] DEBUG beu.dao.IUserDao.selectUserAll  - <==      Total: 9
2021-02-20 13:03:05,815 744    [           main] DEBUG ansaction.jdbc.JdbcTransaction  - Resetting autocommit to true on JDBC Connection [com.mysql.jdbc.JDBC4Connection@37d31475]
2021-02-20 13:03:05,815 744    [           main] DEBUG ansaction.jdbc.JdbcTransaction  - Closing JDBC Connection [com.mysql.jdbc.JDBC4Connection@37d31475]
2021-02-20 13:03:05,816 745    [           main] DEBUG source.pooled.PooledDataSource  - Returned connection 936580213 to pool.
2021-02-20 13:04:27,351 0      [           main] DEBUG ache.ibatis.logging.LogFactory  - Logging initialized using 'class org.apache.ibatis.logging.log4j.Log4jImpl' adapter.
2021-02-20 13:04:27,471 120    [           main] DEBUG source.pooled.PooledDataSource  - PooledDataSource forcefully closed/removed all connections.
2021-02-20 13:04:27,471 120    [           main] DEBUG source.pooled.PooledDataSource  - PooledDataSource forcefully closed/removed all connections.
2021-02-20 13:04:27,472 121    [           main] DEBUG source.pooled.PooledDataSource  - PooledDataSource forcefully closed/removed all connections.
2021-02-20 13:04:27,472 121    [           main] DEBUG source.pooled.PooledDataSource  - PooledDataSource forcefully closed/removed all connections.
2021-02-20 13:04:27,624 273    [           main] DEBUG ansaction.jdbc.JdbcTransaction  - Opening JDBC Connection
2021-02-20 13:04:27,921 570    [           main] DEBUG source.pooled.PooledDataSource  - Created connection 1131316523.
2021-02-20 13:04:27,921 570    [           main] DEBUG ansaction.jdbc.JdbcTransaction  - Setting autocommit to false on JDBC Connection [com.mysql.jdbc.JDBC4Connection@436e852b]
2021-02-20 13:04:27,924 573    [           main] DEBUG eu.dao.IUserDao.selectUserById  - ==>  Preparing: SELECT id, username, birthday, sex, address FROM user WHERE id = ?; 
2021-02-20 13:04:27,957 606    [           main] DEBUG eu.dao.IUserDao.selectUserById  - ==> Parameters: 54(Integer)
2021-02-20 13:04:27,984 633    [           main] DEBUG eu.dao.IUserDao.selectUserById  - <==      Total: 1
2021-02-20 13:04:27,984 633    [           main] DEBUG ansaction.jdbc.JdbcTransaction  - Resetting autocommit to true on JDBC Connection [com.mysql.jdbc.JDBC4Connection@436e852b]
2021-02-20 13:04:27,985 634    [           main] DEBUG ansaction.jdbc.JdbcTransaction  - Closing JDBC Connection [com.mysql.jdbc.JDBC4Connection@436e852b]
2021-02-20 13:04:27,985 634    [           main] DEBUG source.pooled.PooledDataSource  - Returned connection 1131316523 to pool.
2021-02-20 13:06:38,785 0      [           main] DEBUG ache.ibatis.logging.LogFactory  - Logging initialized using 'class org.apache.ibatis.logging.log4j.Log4jImpl' adapter.
2021-02-20 13:06:38,915 130    [           main] DEBUG source.pooled.PooledDataSource  - PooledDataSource forcefully closed/removed all connections.
2021-02-20 13:06:38,915 130    [           main] DEBUG source.pooled.PooledDataSource  - PooledDataSource forcefully closed/removed all connections.
2021-02-20 13:06:38,915 130    [           main] DEBUG source.pooled.PooledDataSource  - PooledDataSource forcefully closed/removed all connections.
2021-02-20 13:06:38,915 130    [           main] DEBUG source.pooled.PooledDataSource  - PooledDataSource forcefully closed/removed all connections.
2021-02-20 13:06:39,048 263    [           main] DEBUG ansaction.jdbc.JdbcTransaction  - Opening JDBC Connection
2021-02-20 13:06:39,332 547    [           main] DEBUG source.pooled.PooledDataSource  - Created connection 1131316523.
2021-02-20 13:06:39,333 548    [           main] DEBUG ansaction.jdbc.JdbcTransaction  - Setting autocommit to false on JDBC Connection [com.mysql.jdbc.JDBC4Connection@436e852b]
2021-02-20 13:06:39,335 550    [           main] DEBUG dao.IUserDao.selectUserByVoDim  - ==>  Preparing: SELECT id, username, birthday, sex, address FROM user WHERE username LIKE CONCAT('%', ?, '%'); 
2021-02-20 13:06:39,372 587    [           main] DEBUG dao.IUserDao.selectUserByVoDim  - ==> Parameters: 测(String)
2021-02-20 13:06:39,398 613    [           main] DEBUG dao.IUserDao.selectUserByVoDim  - <==      Total: 3
2021-02-20 13:06:39,399 614    [           main] DEBUG ansaction.jdbc.JdbcTransaction  - Resetting autocommit to true on JDBC Connection [com.mysql.jdbc.JDBC4Connection@436e852b]
2021-02-20 13:06:39,400 615    [           main] DEBUG ansaction.jdbc.JdbcTransaction  - Closing JDBC Connection [com.mysql.jdbc.JDBC4Connection@436e852b]
2021-02-20 13:06:39,400 615    [           main] DEBUG source.pooled.PooledDataSource  - Returned connection 1131316523 to pool.
2021-02-20 13:19:04,513 0      [           main] DEBUG ache.ibatis.logging.LogFactory  - Logging initialized using 'class org.apache.ibatis.logging.log4j.Log4jImpl' adapter.
2021-02-20 13:19:04,673 160    [           main] DEBUG source.pooled.PooledDataSource  - PooledDataSource forcefully closed/removed all connections.
2021-02-20 13:19:04,673 160    [           main] DEBUG source.pooled.PooledDataSource  - PooledDataSource forcefully closed/removed all connections.
2021-02-20 13:19:04,674 161    [           main] DEBUG source.pooled.PooledDataSource  - PooledDataSource forcefully closed/removed all connections.
2021-02-20 13:19:04,674 161    [           main] DEBUG source.pooled.PooledDataSource  - PooledDataSource forcefully closed/removed all connections.
2021-02-20 13:19:04,802 289    [           main] DEBUG ansaction.jdbc.JdbcTransaction  - Opening JDBC Connection
2021-02-20 13:19:05,125 612    [           main] DEBUG source.pooled.PooledDataSource  - Created connection 2048425748.
2021-02-20 13:19:05,126 613    [           main] DEBUG ansaction.jdbc.JdbcTransaction  - Setting autocommit to false on JDBC Connection [com.mysql.jdbc.JDBC4Connection@7a187f14]
2021-02-20 13:19:05,128 615    [           main] DEBUG beu.dao.IUserDao.selectUserAll  - ==>  Preparing: SELECT id, username, birthday, sex, address FROM user; 
2021-02-20 13:19:05,159 646    [           main] DEBUG beu.dao.IUserDao.selectUserAll  - ==> Parameters: 
2021-02-20 13:19:05,200 687    [           main] DEBUG beu.dao.IUserDao.selectUserAll  - <==      Total: 9
2021-02-20 13:19:05,200 687    [           main] DEBUG ansaction.jdbc.JdbcTransaction  - Resetting autocommit to true on JDBC Connection [com.mysql.jdbc.JDBC4Connection@7a187f14]
2021-02-20 13:19:05,203 690    [           main] DEBUG ansaction.jdbc.JdbcTransaction  - Closing JDBC Connection [com.mysql.jdbc.JDBC4Connection@7a187f14]
2021-02-20 13:19:05,203 690    [           main] DEBUG source.pooled.PooledDataSource  - Returned connection 2048425748 to pool.
2021-02-20 13:23:28,797 0      [           main] DEBUG ache.ibatis.logging.LogFactory  - Logging initialized using 'class org.apache.ibatis.logging.log4j.Log4jImpl' adapter.
2021-02-20 13:23:28,929 132    [           main] DEBUG source.pooled.PooledDataSource  - PooledDataSource forcefully closed/removed all connections.
2021-02-20 13:23:28,929 132    [           main] DEBUG source.pooled.PooledDataSource  - PooledDataSource forcefully closed/removed all connections.
2021-02-20 13:23:28,929 132    [           main] DEBUG source.pooled.PooledDataSource  - PooledDataSource forcefully closed/removed all connections.
2021-02-20 13:23:28,929 132    [           main] DEBUG source.pooled.PooledDataSource  - PooledDataSource forcefully closed/removed all connections.
2021-02-20 13:23:29,056 259    [           main] DEBUG ansaction.jdbc.JdbcTransaction  - Opening JDBC Connection
2021-02-20 13:23:29,318 521    [           main] DEBUG source.pooled.PooledDataSource  - Created connection 2048425748.
2021-02-20 13:23:29,318 521    [           main] DEBUG ansaction.jdbc.JdbcTransaction  - Setting autocommit to false on JDBC Connection [com.mysql.jdbc.JDBC4Connection@7a187f14]
2021-02-20 13:23:29,322 525    [           main] DEBUG beu.dao.IUserDao.selectUserAll  - ==>  Preparing: SELECT id, username, birthday, sex, address FROM user; 
2021-02-20 13:23:29,369 572    [           main] DEBUG beu.dao.IUserDao.selectUserAll  - ==> Parameters: 
2021-02-20 13:23:29,408 611    [           main] DEBUG beu.dao.IUserDao.selectUserAll  - <==      Total: 9
2021-02-20 13:23:29,408 611    [           main] DEBUG ansaction.jdbc.JdbcTransaction  - Resetting autocommit to true on JDBC Connection [com.mysql.jdbc.JDBC4Connection@7a187f14]
2021-02-20 13:23:29,409 612    [           main] DEBUG ansaction.jdbc.JdbcTransaction  - Closing JDBC Connection [com.mysql.jdbc.JDBC4Connection@7a187f14]
2021-02-20 13:23:29,409 612    [           main] DEBUG source.pooled.PooledDataSource  - Returned connection 2048425748 to pool.
2021-02-20 13:27:53,919 0      [           main] DEBUG ache.ibatis.logging.LogFactory  - Logging initialized using 'class org.apache.ibatis.logging.log4j.Log4jImpl' adapter.
2021-02-20 13:27:54,075 156    [           main] DEBUG source.pooled.PooledDataSource  - PooledDataSource forcefully closed/removed all connections.
2021-02-20 13:27:54,075 156    [           main] DEBUG source.pooled.PooledDataSource  - PooledDataSource forcefully closed/removed all connections.
2021-02-20 13:27:54,075 156    [           main] DEBUG source.pooled.PooledDataSource  - PooledDataSource forcefully closed/removed all connections.
2021-02-20 13:27:54,076 157    [           main] DEBUG source.pooled.PooledDataSource  - PooledDataSource forcefully closed/removed all connections.
2021-02-20 13:27:54,212 293    [           main] DEBUG ansaction.jdbc.JdbcTransaction  - Opening JDBC Connection
2021-02-20 13:27:54,532 613    [           main] DEBUG source.pooled.PooledDataSource  - Created connection 1018298342.
2021-02-20 13:27:54,532 613    [           main] DEBUG ansaction.jdbc.JdbcTransaction  - Setting autocommit to false on JDBC Connection [com.mysql.jdbc.JDBC4Connection@3cb1ffe6]
2021-02-20 13:27:54,535 616    [           main] DEBUG .hebeu.dao.IUserDao.insertUser  - ==>  Preparing: INSERT INTO user(username, birthday, sex, address) VALUES(?, ?, ?, ?); 
2021-02-20 13:27:54,594 675    [           main] DEBUG .hebeu.dao.IUserDao.insertUser  - ==> Parameters: 测试1111(String), 2021-02-20 13:27:54.187(Timestamp), 男(String), 浙江省省(String)
2021-02-20 13:27:54,596 677    [           main] DEBUG .hebeu.dao.IUserDao.insertUser  - <==    Updates: 1
2021-02-20 13:27:54,598 679    [           main] DEBUG .IUserDao.insertUser!selectKey  - ==>  Preparing: SELECT LAST_INSERT_ID(); 
2021-02-20 13:27:54,599 680    [           main] DEBUG .IUserDao.insertUser!selectKey  - ==> Parameters: 
2021-02-20 13:27:54,619 700    [           main] DEBUG .IUserDao.insertUser!selectKey  - <==      Total: 1
2021-02-20 13:27:54,620 701    [           main] DEBUG ansaction.jdbc.JdbcTransaction  - Committing JDBC Connection [com.mysql.jdbc.JDBC4Connection@3cb1ffe6]
2021-02-20 13:27:54,622 703    [           main] DEBUG ansaction.jdbc.JdbcTransaction  - Resetting autocommit to true on JDBC Connection [com.mysql.jdbc.JDBC4Connection@3cb1ffe6]
2021-02-20 13:27:54,623 704    [           main] DEBUG ansaction.jdbc.JdbcTransaction  - Closing JDBC Connection [com.mysql.jdbc.JDBC4Connection@3cb1ffe6]
2021-02-20 13:27:54,624 705    [           main] DEBUG source.pooled.PooledDataSource  - Returned connection 1018298342 to pool.
2021-02-20 13:30:14,903 0      [           main] DEBUG ache.ibatis.logging.LogFactory  - Logging initialized using 'class org.apache.ibatis.logging.log4j.Log4jImpl' adapter.
2021-02-20 13:30:14,979 76     [           main] DEBUG source.pooled.PooledDataSource  - PooledDataSource forcefully closed/removed all connections.
2021-02-20 13:30:14,979 76     [           main] DEBUG source.pooled.PooledDataSource  - PooledDataSource forcefully closed/removed all connections.
2021-02-20 13:30:14,979 76     [           main] DEBUG source.pooled.PooledDataSource  - PooledDataSource forcefully closed/removed all connections.
2021-02-20 13:30:14,979 76     [           main] DEBUG source.pooled.PooledDataSource  - PooledDataSource forcefully closed/removed all connections.
2021-02-20 13:30:15,037 134    [           main] DEBUG ansaction.jdbc.JdbcTransaction  - Opening JDBC Connection
2021-02-20 13:30:15,225 322    [           main] DEBUG source.pooled.PooledDataSource  - Created connection 712256162.
2021-02-20 13:30:15,225 322    [           main] DEBUG ansaction.jdbc.JdbcTransaction  - Setting autocommit to false on JDBC Connection [com.mysql.jdbc.JDBC4Connection@2a742aa2]
2021-02-20 13:30:15,228 325    [           main] DEBUG .hebeu.dao.IUserDao.updateUser  - ==>  Preparing: UPDATE user SET username = ?, birthday = ?, sex = ?, address = ? WHERE id = ?; 
2021-02-20 13:30:15,262 359    [           main] DEBUG .hebeu.dao.IUserDao.updateUser  - ==> Parameters: 测试修改(String), 2021-02-20 13:30:15.03(Timestamp), 女(String), 浙江省(String), 53(Integer)
2021-02-20 13:30:15,263 360    [           main] DEBUG .hebeu.dao.IUserDao.updateUser  - <==    Updates: 1
2021-02-20 13:30:15,263 360    [           main] DEBUG ansaction.jdbc.JdbcTransaction  - Committing JDBC Connection [com.mysql.jdbc.JDBC4Connection@2a742aa2]
2021-02-20 13:30:15,265 362    [           main] DEBUG ansaction.jdbc.JdbcTransaction  - Resetting autocommit to true on JDBC Connection [com.mysql.jdbc.JDBC4Connection@2a742aa2]
2021-02-20 13:30:15,266 363    [           main] DEBUG ansaction.jdbc.JdbcTransaction  - Closing JDBC Connection [com.mysql.jdbc.JDBC4Connection@2a742aa2]
2021-02-20 13:30:15,266 363    [           main] DEBUG source.pooled.PooledDataSource  - Returned connection 712256162 to pool.
2021-02-20 13:30:56,693 0      [           main] DEBUG ache.ibatis.logging.LogFactory  - Logging initialized using 'class org.apache.ibatis.logging.log4j.Log4jImpl' adapter.
2021-02-20 13:30:56,765 72     [           main] DEBUG source.pooled.PooledDataSource  - PooledDataSource forcefully closed/removed all connections.
2021-02-20 13:30:56,766 73     [           main] DEBUG source.pooled.PooledDataSource  - PooledDataSource forcefully closed/removed all connections.
2021-02-20 13:30:56,766 73     [           main] DEBUG source.pooled.PooledDataSource  - PooledDataSource forcefully closed/removed all connections.
2021-02-20 13:30:56,766 73     [           main] DEBUG source.pooled.PooledDataSource  - PooledDataSource forcefully closed/removed all connections.
2021-02-20 13:30:56,846 153    [           main] DEBUG ansaction.jdbc.JdbcTransaction  - Opening JDBC Connection
2021-02-20 13:30:57,002 309    [           main] DEBUG source.pooled.PooledDataSource  - Created connection 1018298342.
2021-02-20 13:30:57,003 310    [           main] DEBUG ansaction.jdbc.JdbcTransaction  - Setting autocommit to false on JDBC Connection [com.mysql.jdbc.JDBC4Connection@3cb1ffe6]
2021-02-20 13:30:57,004 311    [           main] DEBUG .hebeu.dao.IUserDao.insertUser  - ==>  Preparing: INSERT INTO user(username, birthday, sex, address) VALUES(?, ?, ?, ?); 
2021-02-20 13:30:57,029 336    [           main] DEBUG .hebeu.dao.IUserDao.insertUser  - ==> Parameters: 测试1111(String), 2021-02-20 13:30:56.832(Timestamp), 男(String), 浙江省(String)
2021-02-20 13:30:57,031 338    [           main] DEBUG .hebeu.dao.IUserDao.insertUser  - <==    Updates: 1
2021-02-20 13:30:57,032 339    [           main] DEBUG .IUserDao.insertUser!selectKey  - ==>  Preparing: SELECT LAST_INSERT_ID(); 
2021-02-20 13:30:57,032 339    [           main] DEBUG .IUserDao.insertUser!selectKey  - ==> Parameters: 
2021-02-20 13:30:57,045 352    [           main] DEBUG .IUserDao.insertUser!selectKey  - <==      Total: 1
2021-02-20 13:30:57,046 353    [           main] DEBUG ansaction.jdbc.JdbcTransaction  - Committing JDBC Connection [com.mysql.jdbc.JDBC4Connection@3cb1ffe6]
2021-02-20 13:30:57,047 354    [           main] DEBUG ansaction.jdbc.JdbcTransaction  - Resetting autocommit to true on JDBC Connection [com.mysql.jdbc.JDBC4Connection@3cb1ffe6]
2021-02-20 13:30:57,048 355    [           main] DEBUG ansaction.jdbc.JdbcTransaction  - Closing JDBC Connection [com.mysql.jdbc.JDBC4Connection@3cb1ffe6]
2021-02-20 13:30:57,048 355    [           main] DEBUG source.pooled.PooledDataSource  - Returned connection 1018298342 to pool.
2021-02-20 13:32:23,997 0      [           main] DEBUG ache.ibatis.logging.LogFactory  - Logging initialized using 'class org.apache.ibatis.logging.log4j.Log4jImpl' adapter.
2021-02-20 13:32:24,073 76     [           main] DEBUG source.pooled.PooledDataSource  - PooledDataSource forcefully closed/removed all connections.
2021-02-20 13:32:24,073 76     [           main] DEBUG source.pooled.PooledDataSource  - PooledDataSource forcefully closed/removed all connections.
2021-02-20 13:32:24,073 76     [           main] DEBUG source.pooled.PooledDataSource  - PooledDataSource forcefully closed/removed all connections.
2021-02-20 13:32:24,073 76     [           main] DEBUG source.pooled.PooledDataSource  - PooledDataSource forcefully closed/removed all connections.
2021-02-20 13:32:24,134 137    [           main] DEBUG ansaction.jdbc.JdbcTransaction  - Opening JDBC Connection
2021-02-20 13:32:24,320 323    [           main] DEBUG source.pooled.PooledDataSource  - Created connection 712256162.
2021-02-20 13:32:24,321 324    [           main] DEBUG ansaction.jdbc.JdbcTransaction  - Setting autocommit to false on JDBC Connection [com.mysql.jdbc.JDBC4Connection@2a742aa2]
2021-02-20 13:32:24,323 326    [           main] DEBUG .hebeu.dao.IUserDao.deleteUser  - ==>  Preparing: DELETE FROM user WHERE id = ?; 
2021-02-20 13:32:24,339 342    [           main] DEBUG .hebeu.dao.IUserDao.deleteUser  - ==> Parameters: 57(Integer)
2021-02-20 13:32:24,340 343    [           main] DEBUG .hebeu.dao.IUserDao.deleteUser  - <==    Updates: 1
2021-02-20 13:32:24,341 344    [           main] DEBUG ansaction.jdbc.JdbcTransaction  - Committing JDBC Connection [com.mysql.jdbc.JDBC4Connection@2a742aa2]
2021-02-20 13:32:24,342 345    [           main] DEBUG ansaction.jdbc.JdbcTransaction  - Resetting autocommit to true on JDBC Connection [com.mysql.jdbc.JDBC4Connection@2a742aa2]
2021-02-20 13:32:24,343 346    [           main] DEBUG ansaction.jdbc.JdbcTransaction  - Closing JDBC Connection [com.mysql.jdbc.JDBC4Connection@2a742aa2]
2021-02-20 13:32:24,343 346    [           main] DEBUG source.pooled.PooledDataSource  - Returned connection 712256162 to pool.
2021-02-20 13:35:16,776 0      [           main] DEBUG ache.ibatis.logging.LogFactory  - Logging initialized using 'class org.apache.ibatis.logging.log4j.Log4jImpl' adapter.
2021-02-20 13:35:16,915 139    [           main] DEBUG source.pooled.PooledDataSource  - PooledDataSource forcefully closed/removed all connections.
2021-02-20 13:35:16,915 139    [           main] DEBUG source.pooled.PooledDataSource  - PooledDataSource forcefully closed/removed all connections.
2021-02-20 13:35:16,916 140    [           main] DEBUG source.pooled.PooledDataSource  - PooledDataSource forcefully closed/removed all connections.
2021-02-20 13:35:16,916 140    [           main] DEBUG source.pooled.PooledDataSource  - PooledDataSource forcefully closed/removed all connections.
2021-02-20 13:35:17,076 300    [           main] DEBUG ansaction.jdbc.JdbcTransaction  - Opening JDBC Connection
2021-02-20 13:35:17,434 658    [           main] DEBUG source.pooled.PooledDataSource  - Created connection 2048425748.
2021-02-20 13:35:17,435 659    [           main] DEBUG ansaction.jdbc.JdbcTransaction  - Setting autocommit to false on JDBC Connection [com.mysql.jdbc.JDBC4Connection@7a187f14]
2021-02-20 13:35:17,437 661    [           main] DEBUG eu.dao.IUserDao.selectUserById  - ==>  Preparing: SELECT id, username, birthday, sex, address FROM user WHERE id = ?; 
2021-02-20 13:35:17,471 695    [           main] DEBUG eu.dao.IUserDao.selectUserById  - ==> Parameters: 54(Integer)
2021-02-20 13:35:17,504 728    [           main] DEBUG eu.dao.IUserDao.selectUserById  - <==      Total: 1
2021-02-20 13:35:17,504 728    [           main] DEBUG ansaction.jdbc.JdbcTransaction  - Resetting autocommit to true on JDBC Connection [com.mysql.jdbc.JDBC4Connection@7a187f14]
2021-02-20 13:35:17,506 730    [           main] DEBUG ansaction.jdbc.JdbcTransaction  - Closing JDBC Connection [com.mysql.jdbc.JDBC4Connection@7a187f14]
2021-02-20 13:35:17,506 730    [           main] DEBUG source.pooled.PooledDataSource  - Returned connection 2048425748 to pool.
2021-02-20 13:38:01,171 0      [           main] DEBUG ache.ibatis.logging.LogFactory  - Logging initialized using 'class org.apache.ibatis.logging.log4j.Log4jImpl' adapter.
2021-02-20 13:38:01,286 115    [           main] DEBUG source.pooled.PooledDataSource  - PooledDataSource forcefully closed/removed all connections.
2021-02-20 13:38:01,287 116    [           main] DEBUG source.pooled.PooledDataSource  - PooledDataSource forcefully closed/removed all connections.
2021-02-20 13:38:01,287 116    [           main] DEBUG source.pooled.PooledDataSource  - PooledDataSource forcefully closed/removed all connections.
2021-02-20 13:38:01,287 116    [           main] DEBUG source.pooled.PooledDataSource  - PooledDataSource forcefully closed/removed all connections.
2021-02-20 13:38:01,410 239    [           main] DEBUG ansaction.jdbc.JdbcTransaction  - Opening JDBC Connection
2021-02-20 13:38:01,743 572    [           main] DEBUG source.pooled.PooledDataSource  - Created connection 2048425748.
2021-02-20 13:38:01,743 572    [           main] DEBUG ansaction.jdbc.JdbcTransaction  - Setting autocommit to false on JDBC Connection [com.mysql.jdbc.JDBC4Connection@7a187f14]
2021-02-20 13:38:01,746 575    [           main] DEBUG dao.IUserDao.selectUserByVoDim  - ==>  Preparing: SELECT id, username, birthday, sex, address FROM user WHERE username LIKE CONCAT('%', ?, '%'); 
2021-02-20 13:38:01,783 612    [           main] DEBUG dao.IUserDao.selectUserByVoDim  - ==> Parameters: 测(String)
2021-02-20 13:38:01,817 646    [           main] DEBUG dao.IUserDao.selectUserByVoDim  - <==      Total: 4
2021-02-20 13:38:01,819 648    [           main] DEBUG ansaction.jdbc.JdbcTransaction  - Resetting autocommit to true on JDBC Connection [com.mysql.jdbc.JDBC4Connection@7a187f14]
2021-02-20 13:38:01,820 649    [           main] DEBUG ansaction.jdbc.JdbcTransaction  - Closing JDBC Connection [com.mysql.jdbc.JDBC4Connection@7a187f14]
2021-02-20 13:38:01,820 649    [           main] DEBUG source.pooled.PooledDataSource  - Returned connection 2048425748 to pool.
2021-02-20 13:59:15,885 0      [           main] DEBUG ache.ibatis.logging.LogFactory  - Logging initialized using 'class org.apache.ibatis.logging.log4j.Log4jImpl' adapter.
2021-02-20 13:59:15,971 86     [           main] DEBUG source.pooled.PooledDataSource  - PooledDataSource forcefully closed/removed all connections.
2021-02-20 13:59:15,971 86     [           main] DEBUG source.pooled.PooledDataSource  - PooledDataSource forcefully closed/removed all connections.
2021-02-20 13:59:15,971 86     [           main] DEBUG source.pooled.PooledDataSource  - PooledDataSource forcefully closed/removed all connections.
2021-02-20 13:59:15,971 86     [           main] DEBUG source.pooled.PooledDataSource  - PooledDataSource forcefully closed/removed all connections.
2021-02-20 13:59:16,050 165    [           main] DEBUG ansaction.jdbc.JdbcTransaction  - Opening JDBC Connection
2021-02-20 13:59:16,240 355    [           main] DEBUG source.pooled.PooledDataSource  - Created connection 2048425748.
2021-02-20 13:59:16,240 355    [           main] DEBUG ansaction.jdbc.JdbcTransaction  - Setting autocommit to false on JDBC Connection [com.mysql.jdbc.JDBC4Connection@7a187f14]
2021-02-20 13:59:16,242 357    [           main] DEBUG u.dao.IUserDao.selectUserTotal  - ==>  Preparing: SELECT COUNT(*) FROM user; 
2021-02-20 13:59:16,262 377    [           main] DEBUG u.dao.IUserDao.selectUserTotal  - ==> Parameters: 
2021-02-20 13:59:16,280 395    [           main] DEBUG u.dao.IUserDao.selectUserTotal  - <==      Total: 1
2021-02-20 13:59:16,281 396    [           main] DEBUG ansaction.jdbc.JdbcTransaction  - Resetting autocommit to true on JDBC Connection [com.mysql.jdbc.JDBC4Connection@7a187f14]
2021-02-20 13:59:16,281 396    [           main] DEBUG ansaction.jdbc.JdbcTransaction  - Closing JDBC Connection [com.mysql.jdbc.JDBC4Connection@7a187f14]
2021-02-20 13:59:16,281 396    [           main] DEBUG source.pooled.PooledDataSource  - Returned connection 2048425748 to pool.
2021-02-20 20:54:00,696 0      [           main] DEBUG ache.ibatis.logging.LogFactory  - Logging initialized using 'class org.apache.ibatis.logging.log4j.Log4jImpl' adapter.
2021-02-20 20:54:00,823 127    [           main] DEBUG source.pooled.PooledDataSource  - PooledDataSource forcefully closed/removed all connections.
2021-02-20 20:54:00,823 127    [           main] DEBUG source.pooled.PooledDataSource  - PooledDataSource forcefully closed/removed all connections.
2021-02-20 20:54:00,823 127    [           main] DEBUG source.pooled.PooledDataSource  - PooledDataSource forcefully closed/removed all connections.
2021-02-20 20:54:00,824 128    [           main] DEBUG source.pooled.PooledDataSource  - PooledDataSource forcefully closed/removed all connections.
2021-02-20 20:54:00,947 251    [           main] DEBUG ansaction.jdbc.JdbcTransaction  - Opening JDBC Connection
2021-02-20 20:54:01,219 523    [           main] DEBUG source.pooled.PooledDataSource  - Created connection 2048425748.
2021-02-20 20:54:01,219 523    [           main] DEBUG ansaction.jdbc.JdbcTransaction  - Setting autocommit to false on JDBC Connection [com.mysql.jdbc.JDBC4Connection@7a187f14]
2021-02-20 20:54:01,222 526    [           main] DEBUG beu.dao.IUserDao.selectUserAll  - ==>  Preparing: SELECT id, username, birthday, sex, address FROM user; 
2021-02-20 20:54:01,255 559    [           main] DEBUG beu.dao.IUserDao.selectUserAll  - ==> Parameters: 
2021-02-20 20:54:01,292 596    [           main] DEBUG beu.dao.IUserDao.selectUserAll  - <==      Total: 10
2021-02-20 20:54:01,293 597    [           main] DEBUG ansaction.jdbc.JdbcTransaction  - Resetting autocommit to true on JDBC Connection [com.mysql.jdbc.JDBC4Connection@7a187f14]
2021-02-20 20:54:01,294 598    [           main] DEBUG ansaction.jdbc.JdbcTransaction  - Closing JDBC Connection [com.mysql.jdbc.JDBC4Connection@7a187f14]
2021-02-20 20:54:01,294 598    [           main] DEBUG source.pooled.PooledDataSource  - Returned connection 2048425748 to pool.
2021-02-20 21:40:40,886 0      [           main] DEBUG ache.ibatis.logging.LogFactory  - Logging initialized using 'class org.apache.ibatis.logging.log4j.Log4jImpl' adapter.
2021-02-20 21:40:40,992 106    [           main] DEBUG source.pooled.PooledDataSource  - PooledDataSource forcefully closed/removed all connections.
2021-02-20 21:40:40,992 106    [           main] DEBUG source.pooled.PooledDataSource  - PooledDataSource forcefully closed/removed all connections.
2021-02-20 21:40:40,992 106    [           main] DEBUG source.pooled.PooledDataSource  - PooledDataSource forcefully closed/removed all connections.
2021-02-20 21:40:40,992 106    [           main] DEBUG source.pooled.PooledDataSource  - PooledDataSource forcefully closed/removed all connections.
2021-02-20 21:42:43,089 122203 [           main] DEBUG ansaction.jdbc.JdbcTransaction  - Opening JDBC Connection
2021-02-20 21:42:43,246 122360 [           main] DEBUG source.pooled.PooledDataSource  - Created connection 1522095831.
2021-02-20 21:42:43,246 122360 [           main] DEBUG ansaction.jdbc.JdbcTransaction  - Setting autocommit to false on JDBC Connection [com.mysql.jdbc.JDBC4Connection@5ab956d7]
2021-02-20 21:42:43,248 122362 [           main] DEBUG beu.dao.IUserDao.selectUserAll  - ==>  Preparing: SELECT id, username, birthday, sex, address FROM user; 
2021-02-20 21:42:43,264 122378 [           main] DEBUG beu.dao.IUserDao.selectUserAll  - ==> Parameters: 
2021-02-20 21:42:43,282 122396 [           main] DEBUG beu.dao.IUserDao.selectUserAll  - <==      Total: 10
2021-02-20 21:42:43,283 122397 [           main] DEBUG ansaction.jdbc.JdbcTransaction  - Resetting autocommit to true on JDBC Connection [com.mysql.jdbc.JDBC4Connection@5ab956d7]
2021-02-20 21:42:43,284 122398 [           main] DEBUG ansaction.jdbc.JdbcTransaction  - Closing JDBC Connection [com.mysql.jdbc.JDBC4Connection@5ab956d7]
2021-02-20 21:42:43,284 122398 [           main] DEBUG source.pooled.PooledDataSource  - Returned connection 1522095831 to pool.
2021-02-20 21:43:38,277 0      [           main] DEBUG ache.ibatis.logging.LogFactory  - Logging initialized using 'class org.apache.ibatis.logging.log4j.Log4jImpl' adapter.
2021-02-20 21:43:38,375 98     [           main] DEBUG source.pooled.PooledDataSource  - PooledDataSource forcefully closed/removed all connections.
2021-02-20 21:43:38,375 98     [           main] DEBUG source.pooled.PooledDataSource  - PooledDataSource forcefully closed/removed all connections.
2021-02-20 21:43:38,375 98     [           main] DEBUG source.pooled.PooledDataSource  - PooledDataSource forcefully closed/removed all connections.
2021-02-20 21:43:38,375 98     [           main] DEBUG source.pooled.PooledDataSource  - PooledDataSource forcefully closed/removed all connections.
2021-02-20 21:45:16,992 98715  [           main] DEBUG ansaction.jdbc.JdbcTransaction  - Opening JDBC Connection
2021-02-20 21:46:19,492 0      [           main] DEBUG ache.ibatis.logging.LogFactory  - Logging initialized using 'class org.apache.ibatis.logging.log4j.Log4jImpl' adapter.
2021-02-20 21:46:19,633 141    [           main] DEBUG source.pooled.PooledDataSource  - PooledDataSource forcefully closed/removed all connections.
2021-02-20 21:46:19,633 141    [           main] DEBUG source.pooled.PooledDataSource  - PooledDataSource forcefully closed/removed all connections.
2021-02-20 21:46:19,633 141    [           main] DEBUG source.pooled.PooledDataSource  - PooledDataSource forcefully closed/removed all connections.
2021-02-20 21:46:19,633 141    [           main] DEBUG source.pooled.PooledDataSource  - PooledDataSource forcefully closed/removed all connections.
2021-02-20 21:46:48,843 29351  [           main] DEBUG ansaction.jdbc.JdbcTransaction  - Opening JDBC Connection
2021-02-20 21:47:02,993 0      [           main] DEBUG ache.ibatis.logging.LogFactory  - Logging initialized using 'class org.apache.ibatis.logging.log4j.Log4jImpl' adapter.
2021-02-20 21:47:03,101 108    [           main] DEBUG source.pooled.PooledDataSource  - PooledDataSource forcefully closed/removed all connections.
2021-02-20 21:47:03,101 108    [           main] DEBUG source.pooled.PooledDataSource  - PooledDataSource forcefully closed/removed all connections.
2021-02-20 21:47:03,101 108    [           main] DEBUG source.pooled.PooledDataSource  - PooledDataSource forcefully closed/removed all connections.
2021-02-20 21:47:03,101 108    [           main] DEBUG source.pooled.PooledDataSource  - PooledDataSource forcefully closed/removed all connections.
2021-02-20 21:47:41,099 38106  [           main] DEBUG ansaction.jdbc.JdbcTransaction  - Opening JDBC Connection
2021-02-20 21:47:41,262 38269  [           main] DEBUG source.pooled.PooledDataSource  - Created connection 1522095831.
2021-02-20 21:47:41,262 38269  [           main] DEBUG ansaction.jdbc.JdbcTransaction  - Setting autocommit to false on JDBC Connection [com.mysql.jdbc.JDBC4Connection@5ab956d7]
2021-02-20 21:47:41,264 38271  [           main] DEBUG beu.dao.IUserDao.selectUserAll  - ==>  Preparing: SELECT id, username, birthday, sex, address FROM user; 
2021-02-20 21:47:41,282 38289  [           main] DEBUG beu.dao.IUserDao.selectUserAll  - ==> Parameters: 
2021-02-20 21:47:41,302 38309  [           main] DEBUG beu.dao.IUserDao.selectUserAll  - <==      Total: 10
2021-02-20 21:47:41,302 38309  [           main] DEBUG ansaction.jdbc.JdbcTransaction  - Resetting autocommit to true on JDBC Connection [com.mysql.jdbc.JDBC4Connection@5ab956d7]
2021-02-20 21:47:41,303 38310  [           main] DEBUG ansaction.jdbc.JdbcTransaction  - Closing JDBC Connection [com.mysql.jdbc.JDBC4Connection@5ab956d7]
2021-02-20 21:47:41,304 38311  [           main] DEBUG source.pooled.PooledDataSource  - Returned connection 1522095831 to pool.
2021-02-20 21:48:17,302 0      [           main] DEBUG ache.ibatis.logging.LogFactory  - Logging initialized using 'class org.apache.ibatis.logging.log4j.Log4jImpl' adapter.
2021-02-20 21:48:17,400 98     [           main] DEBUG source.pooled.PooledDataSource  - PooledDataSource forcefully closed/removed all connections.
2021-02-20 21:48:17,401 99     [           main] DEBUG source.pooled.PooledDataSource  - PooledDataSource forcefully closed/removed all connections.
2021-02-20 21:48:17,401 99     [           main] DEBUG source.pooled.PooledDataSource  - PooledDataSource forcefully closed/removed all connections.
2021-02-20 21:48:17,401 99     [           main] DEBUG source.pooled.PooledDataSource  - PooledDataSource forcefully closed/removed all connections.
2021-02-20 21:48:59,962 42660  [           main] DEBUG ansaction.jdbc.JdbcTransaction  - Opening JDBC Connection
2021-02-20 21:49:00,274 42972  [           main] DEBUG source.pooled.PooledDataSource  - Created connection 1522095831.
2021-02-20 21:49:00,274 42972  [           main] DEBUG ansaction.jdbc.JdbcTransaction  - Setting autocommit to false on JDBC Connection [com.mysql.jdbc.JDBC4Connection@5ab956d7]
2021-02-20 21:49:00,278 42976  [           main] DEBUG beu.dao.IUserDao.selectUserAll  - ==>  Preparing: SELECT id, username, birthday, sex, address FROM user; 
2021-02-20 21:49:00,448 43146  [           main] DEBUG beu.dao.IUserDao.selectUserAll  - ==> Parameters: 
2021-02-20 21:49:00,591 43289  [           main] DEBUG beu.dao.IUserDao.selectUserAll  - <==      Total: 10
2021-02-20 21:49:07,420 50118  [           main] DEBUG ansaction.jdbc.JdbcTransaction  - Resetting autocommit to true on JDBC Connection [com.mysql.jdbc.JDBC4Connection@5ab956d7]
2021-02-20 21:49:07,421 50119  [           main] DEBUG ansaction.jdbc.JdbcTransaction  - Closing JDBC Connection [com.mysql.jdbc.JDBC4Connection@5ab956d7]
2021-02-20 21:49:07,421 50119  [           main] DEBUG source.pooled.PooledDataSource  - Returned connection 1522095831 to pool.
2021-02-20 21:50:37,489 0      [           main] DEBUG ache.ibatis.logging.LogFactory  - Logging initialized using 'class org.apache.ibatis.logging.log4j.Log4jImpl' adapter.
2021-02-20 21:50:37,621 132    [           main] DEBUG source.pooled.PooledDataSource  - PooledDataSource forcefully closed/removed all connections.
2021-02-20 21:50:37,621 132    [           main] DEBUG source.pooled.PooledDataSource  - PooledDataSource forcefully closed/removed all connections.
2021-02-20 21:50:37,621 132    [           main] DEBUG source.pooled.PooledDataSource  - PooledDataSource forcefully closed/removed all connections.
2021-02-20 21:50:37,621 132    [           main] DEBUG source.pooled.PooledDataSource  - PooledDataSource forcefully closed/removed all connections.
2021-02-20 21:50:56,477 18988  [           main] DEBUG ansaction.jdbc.JdbcTransaction  - Opening JDBC Connection
2021-02-20 21:50:56,797 19308  [           main] DEBUG source.pooled.PooledDataSource  - Created connection 1522095831.
2021-02-20 21:50:56,797 19308  [           main] DEBUG ansaction.jdbc.JdbcTransaction  - Setting autocommit to false on JDBC Connection [com.mysql.jdbc.JDBC4Connection@5ab956d7]
2021-02-20 21:50:56,801 19312  [           main] DEBUG beu.dao.IUserDao.selectUserAll  - ==>  Preparing: SELECT id, username, birthday, sex, address FROM user; 
2021-02-20 21:50:57,019 19530  [           main] DEBUG beu.dao.IUserDao.selectUserAll  - ==> Parameters: 
2021-02-20 21:50:57,162 19673  [           main] DEBUG beu.dao.IUserDao.selectUserAll  - <==      Total: 10
2021-02-20 21:50:59,036 21547  [           main] DEBUG ansaction.jdbc.JdbcTransaction  - Resetting autocommit to true on JDBC Connection [com.mysql.jdbc.JDBC4Connection@5ab956d7]
2021-02-20 21:50:59,037 21548  [           main] DEBUG ansaction.jdbc.JdbcTransaction  - Closing JDBC Connection [com.mysql.jdbc.JDBC4Connection@5ab956d7]
2021-02-20 21:50:59,037 21548  [           main] DEBUG source.pooled.PooledDataSource  - Returned connection 1522095831 to pool.
2021-02-20 22:01:51,321 0      [           main] DEBUG ache.ibatis.logging.LogFactory  - Logging initialized using 'class org.apache.ibatis.logging.log4j.Log4jImpl' adapter.
2021-02-20 22:01:51,432 111    [           main] DEBUG source.pooled.PooledDataSource  - PooledDataSource forcefully closed/removed all connections.
2021-02-20 22:01:51,433 112    [           main] DEBUG source.pooled.PooledDataSource  - PooledDataSource forcefully closed/removed all connections.
2021-02-20 22:01:51,433 112    [           main] DEBUG source.pooled.PooledDataSource  - PooledDataSource forcefully closed/removed all connections.
2021-02-20 22:01:51,433 112    [           main] DEBUG source.pooled.PooledDataSource  - PooledDataSource forcefully closed/removed all connections.
2021-02-20 22:02:22,796 31475  [           main] DEBUG ansaction.jdbc.JdbcTransaction  - Opening JDBC Connection
2021-02-20 22:02:23,091 31770  [           main] DEBUG source.pooled.PooledDataSource  - Created connection 1522095831.
2021-02-20 22:02:23,091 31770  [           main] DEBUG ansaction.jdbc.JdbcTransaction  - Setting autocommit to false on JDBC Connection [com.mysql.jdbc.JDBC4Connection@5ab956d7]
2021-02-20 22:02:23,096 31775  [           main] DEBUG beu.dao.IUserDao.selectUserAll  - ==>  Preparing: SELECT id, username, birthday, sex, address FROM user; 
2021-02-20 22:02:23,257 31936  [           main] DEBUG beu.dao.IUserDao.selectUserAll  - ==> Parameters: 
2021-02-20 22:02:23,381 32060  [           main] DEBUG beu.dao.IUserDao.selectUserAll  - <==      Total: 10
2021-02-20 22:02:27,890 36569  [           main] DEBUG ansaction.jdbc.JdbcTransaction  - Resetting autocommit to true on JDBC Connection [com.mysql.jdbc.JDBC4Connection@5ab956d7]
2021-02-20 22:02:27,891 36570  [           main] DEBUG ansaction.jdbc.JdbcTransaction  - Closing JDBC Connection [com.mysql.jdbc.JDBC4Connection@5ab956d7]
2021-02-20 22:02:27,892 36571  [           main] DEBUG source.pooled.PooledDataSource  - Returned connection 1522095831 to pool.
2021-02-20 22:03:50,844 1      [           main] DEBUG ache.ibatis.logging.LogFactory  - Logging initialized using 'class org.apache.ibatis.logging.log4j.Log4jImpl' adapter.
2021-02-20 22:03:50,936 93     [           main] DEBUG source.pooled.PooledDataSource  - PooledDataSource forcefully closed/removed all connections.
2021-02-20 22:03:50,936 93     [           main] DEBUG source.pooled.PooledDataSource  - PooledDataSource forcefully closed/removed all connections.
2021-02-20 22:03:50,936 93     [           main] DEBUG source.pooled.PooledDataSource  - PooledDataSource forcefully closed/removed all connections.
2021-02-20 22:03:50,936 93     [           main] DEBUG source.pooled.PooledDataSource  - PooledDataSource forcefully closed/removed all connections.
2021-02-20 22:04:02,072 11229  [           main] DEBUG ansaction.jdbc.JdbcTransaction  - Opening JDBC Connection
2021-02-20 22:04:02,227 11384  [           main] DEBUG source.pooled.PooledDataSource  - Created connection 1522095831.
2021-02-20 22:04:02,227 11384  [           main] DEBUG ansaction.jdbc.JdbcTransaction  - Setting autocommit to false on JDBC Connection [com.mysql.jdbc.JDBC4Connection@5ab956d7]
2021-02-20 22:04:02,229 11386  [           main] DEBUG beu.dao.IUserDao.selectUserAll  - ==>  Preparing: SELECT id, username, birthday, sex, address FROM user; 
2021-02-20 22:04:02,245 11402  [           main] DEBUG beu.dao.IUserDao.selectUserAll  - ==> Parameters: 
2021-02-20 22:04:02,263 11420  [           main] DEBUG beu.dao.IUserDao.selectUserAll  - <==      Total: 10
2021-02-20 22:04:02,264 11421  [           main] DEBUG ansaction.jdbc.JdbcTransaction  - Resetting autocommit to true on JDBC Connection [com.mysql.jdbc.JDBC4Connection@5ab956d7]
2021-02-20 22:04:02,264 11421  [           main] DEBUG ansaction.jdbc.JdbcTransaction  - Closing JDBC Connection [com.mysql.jdbc.JDBC4Connection@5ab956d7]
2021-02-20 22:04:02,264 11421  [           main] DEBUG source.pooled.PooledDataSource  - Returned connection 1522095831 to pool.
2021-02-20 22:04:16,701 0      [           main] DEBUG ache.ibatis.logging.LogFactory  - Logging initialized using 'class org.apache.ibatis.logging.log4j.Log4jImpl' adapter.
2021-02-20 22:04:16,801 100    [           main] DEBUG source.pooled.PooledDataSource  - PooledDataSource forcefully closed/removed all connections.
2021-02-20 22:04:16,801 100    [           main] DEBUG source.pooled.PooledDataSource  - PooledDataSource forcefully closed/removed all connections.
2021-02-20 22:04:16,801 100    [           main] DEBUG source.pooled.PooledDataSource  - PooledDataSource forcefully closed/removed all connections.
2021-02-20 22:04:16,801 100    [           main] DEBUG source.pooled.PooledDataSource  - PooledDataSource forcefully closed/removed all connections.
2021-02-20 22:04:16,886 185    [           main] DEBUG ansaction.jdbc.JdbcTransaction  - Opening JDBC Connection
2021-02-20 22:04:17,099 398    [           main] DEBUG source.pooled.PooledDataSource  - Created connection 1522095831.
2021-02-20 22:04:17,099 398    [           main] DEBUG ansaction.jdbc.JdbcTransaction  - Setting autocommit to false on JDBC Connection [com.mysql.jdbc.JDBC4Connection@5ab956d7]
2021-02-20 22:04:17,102 401    [           main] DEBUG beu.dao.IUserDao.selectUserAll  - ==>  Preparing: SELECT id, username, birthday, sex, address FROM user; 
2021-02-20 22:04:17,139 438    [           main] DEBUG beu.dao.IUserDao.selectUserAll  - ==> Parameters: 
2021-02-20 22:04:17,170 469    [           main] DEBUG beu.dao.IUserDao.selectUserAll  - <==      Total: 10
2021-02-20 22:04:17,171 470    [           main] DEBUG ansaction.jdbc.JdbcTransaction  - Resetting autocommit to true on JDBC Connection [com.mysql.jdbc.JDBC4Connection@5ab956d7]
2021-02-20 22:04:17,171 470    [           main] DEBUG ansaction.jdbc.JdbcTransaction  - Closing JDBC Connection [com.mysql.jdbc.JDBC4Connection@5ab956d7]
2021-02-20 22:04:17,172 471    [           main] DEBUG source.pooled.PooledDataSource  - Returned connection 1522095831 to pool.
2021-02-20 22:04:27,498 0      [           main] DEBUG ache.ibatis.logging.LogFactory  - Logging initialized using 'class org.apache.ibatis.logging.log4j.Log4jImpl' adapter.
2021-02-20 22:04:27,620 122    [           main] DEBUG source.pooled.PooledDataSource  - PooledDataSource forcefully closed/removed all connections.
2021-02-20 22:04:27,620 122    [           main] DEBUG source.pooled.PooledDataSource  - PooledDataSource forcefully closed/removed all connections.
2021-02-20 22:04:27,620 122    [           main] DEBUG source.pooled.PooledDataSource  - PooledDataSource forcefully closed/removed all connections.
2021-02-20 22:04:27,620 122    [           main] DEBUG source.pooled.PooledDataSource  - PooledDataSource forcefully closed/removed all connections.
2021-02-20 22:04:27,709 211    [           main] DEBUG ansaction.jdbc.JdbcTransaction  - Opening JDBC Connection
2021-02-20 22:04:27,914 416    [           main] DEBUG source.pooled.PooledDataSource  - Created connection 1522095831.
2021-02-20 22:04:27,914 416    [           main] DEBUG ansaction.jdbc.JdbcTransaction  - Setting autocommit to false on JDBC Connection [com.mysql.jdbc.JDBC4Connection@5ab956d7]
2021-02-20 22:04:27,917 419    [           main] DEBUG beu.dao.IUserDao.selectUserAll  - ==>  Preparing: SELECT id, username, birthday, sex, address FROM user; 
2021-02-20 22:04:27,944 446    [           main] DEBUG beu.dao.IUserDao.selectUserAll  - ==> Parameters: 
2021-02-20 22:04:27,977 479    [           main] DEBUG beu.dao.IUserDao.selectUserAll  - <==      Total: 10
2021-02-20 22:04:27,977 479    [           main] DEBUG ansaction.jdbc.JdbcTransaction  - Resetting autocommit to true on JDBC Connection [com.mysql.jdbc.JDBC4Connection@5ab956d7]
2021-02-20 22:04:27,978 480    [           main] DEBUG ansaction.jdbc.JdbcTransaction  - Closing JDBC Connection [com.mysql.jdbc.JDBC4Connection@5ab956d7]
2021-02-20 22:04:27,978 480    [           main] DEBUG source.pooled.PooledDataSource  - Returned connection 1522095831 to pool.
2021-02-20 22:05:10,805 0      [           main] DEBUG ache.ibatis.logging.LogFactory  - Logging initialized using 'class org.apache.ibatis.logging.log4j.Log4jImpl' adapter.
2021-02-20 22:05:10,900 95     [           main] DEBUG source.pooled.PooledDataSource  - PooledDataSource forcefully closed/removed all connections.
2021-02-20 22:05:10,900 95     [           main] DEBUG source.pooled.PooledDataSource  - PooledDataSource forcefully closed/removed all connections.
2021-02-20 22:05:10,900 95     [           main] DEBUG source.pooled.PooledDataSource  - PooledDataSource forcefully closed/removed all connections.
2021-02-20 22:05:10,900 95     [           main] DEBUG source.pooled.PooledDataSource  - PooledDataSource forcefully closed/removed all connections.
2021-02-20 22:18:04,785 773980 [           main] DEBUG ansaction.jdbc.JdbcTransaction  - Opening JDBC Connection
2021-02-20 22:18:05,117 774312 [           main] DEBUG source.pooled.PooledDataSource  - Created connection 1522095831.
2021-02-20 22:18:05,118 774313 [           main] DEBUG ansaction.jdbc.JdbcTransaction  - Setting autocommit to false on JDBC Connection [com.mysql.jdbc.JDBC4Connection@5ab956d7]
2021-02-20 22:18:05,122 774317 [           main] DEBUG beu.dao.IUserDao.selectUserAll  - ==>  Preparing: SELECT id, username, birthday, sex, address FROM user; 
2021-02-20 22:18:08,304 777499 [           main] DEBUG beu.dao.IUserDao.selectUserAll  - ==> Parameters: 
2021-02-20 22:18:08,433 777628 [           main] DEBUG beu.dao.IUserDao.selectUserAll  - <==      Total: 10
2021-02-20 22:18:42,947 812142 [           main] DEBUG ansaction.jdbc.JdbcTransaction  - Resetting autocommit to true on JDBC Connection [com.mysql.jdbc.JDBC4Connection@5ab956d7]
2021-02-20 22:18:42,949 812144 [           main] DEBUG ansaction.jdbc.JdbcTransaction  - Closing JDBC Connection [com.mysql.jdbc.JDBC4Connection@5ab956d7]
2021-02-20 22:18:42,949 812144 [           main] DEBUG source.pooled.PooledDataSource  - Returned connection 1522095831 to pool.
2021-02-20 22:19:04,505 0      [           main] DEBUG ache.ibatis.logging.LogFactory  - Logging initialized using 'class org.apache.ibatis.logging.log4j.Log4jImpl' adapter.
2021-02-20 22:19:04,628 123    [           main] DEBUG source.pooled.PooledDataSource  - PooledDataSource forcefully closed/removed all connections.
2021-02-20 22:19:04,628 123    [           main] DEBUG source.pooled.PooledDataSource  - PooledDataSource forcefully closed/removed all connections.
2021-02-20 22:19:04,628 123    [           main] DEBUG source.pooled.PooledDataSource  - PooledDataSource forcefully closed/removed all connections.
2021-02-20 22:19:04,628 123    [           main] DEBUG source.pooled.PooledDataSource  - PooledDataSource forcefully closed/removed all connections.
2021-02-20 22:19:37,450 32945  [           main] DEBUG ansaction.jdbc.JdbcTransaction  - Opening JDBC Connection
2021-02-20 22:19:37,762 33257  [           main] DEBUG source.pooled.PooledDataSource  - Created connection 1522095831.
2021-02-20 22:19:37,762 33257  [           main] DEBUG ansaction.jdbc.JdbcTransaction  - Setting autocommit to false on JDBC Connection [com.mysql.jdbc.JDBC4Connection@5ab956d7]
2021-02-20 22:19:37,766 33261  [           main] DEBUG beu.dao.IUserDao.selectUserAll  - ==>  Preparing: SELECT id, username, birthday, sex, address FROM user; 
2021-02-20 22:20:01,641 57136  [           main] DEBUG beu.dao.IUserDao.selectUserAll  - ==> Parameters: 
2021-02-20 22:20:01,783 57278  [           main] DEBUG beu.dao.IUserDao.selectUserAll  - <==      Total: 10
2021-02-20 22:20:48,496 103991 [           main] DEBUG ansaction.jdbc.JdbcTransaction  - Resetting autocommit to true on JDBC Connection [com.mysql.jdbc.JDBC4Connection@5ab956d7]
2021-02-20 22:20:48,497 103992 [           main] DEBUG ansaction.jdbc.JdbcTransaction  - Closing JDBC Connection [com.mysql.jdbc.JDBC4Connection@5ab956d7]
2021-02-20 22:20:48,498 103993 [           main] DEBUG source.pooled.PooledDataSource  - Returned connection 1522095831 to pool.
2021-02-20 22:21:10,773 0      [           main] DEBUG ache.ibatis.logging.LogFactory  - Logging initialized using 'class org.apache.ibatis.logging.log4j.Log4jImpl' adapter.
2021-02-20 22:21:10,868 95     [           main] DEBUG source.pooled.PooledDataSource  - PooledDataSource forcefully closed/removed all connections.
2021-02-20 22:21:10,868 95     [           main] DEBUG source.pooled.PooledDataSource  - PooledDataSource forcefully closed/removed all connections.
2021-02-20 22:21:10,868 95     [           main] DEBUG source.pooled.PooledDataSource  - PooledDataSource forcefully closed/removed all connections.
2021-02-20 22:21:10,868 95     [           main] DEBUG source.pooled.PooledDataSource  - PooledDataSource forcefully closed/removed all connections.
2021-02-20 22:21:13,632 2859   [           main] DEBUG ansaction.jdbc.JdbcTransaction  - Opening JDBC Connection
2021-02-20 22:21:13,946 3173   [           main] DEBUG source.pooled.PooledDataSource  - Created connection 1522095831.
2021-02-20 22:21:13,946 3173   [           main] DEBUG ansaction.jdbc.JdbcTransaction  - Setting autocommit to false on JDBC Connection [com.mysql.jdbc.JDBC4Connection@5ab956d7]
2021-02-20 22:21:13,951 3178   [           main] DEBUG beu.dao.IUserDao.selectUserAll  - ==>  Preparing: SELECT id, username, birthday, sex, address FROM user; 
2021-02-20 22:25:51,351 280578 [           main] DEBUG beu.dao.IUserDao.selectUserAll  - ==> Parameters: 
2021-02-20 22:31:27,508 616735 [           main] DEBUG beu.dao.IUserDao.selectUserAll  - <==      Total: 10
2021-02-20 22:31:27,509 616736 [           main] DEBUG ansaction.jdbc.JdbcTransaction  - Resetting autocommit to true on JDBC Connection [com.mysql.jdbc.JDBC4Connection@5ab956d7]
2021-02-20 22:31:27,510 616737 [           main] DEBUG ansaction.jdbc.JdbcTransaction  - Closing JDBC Connection [com.mysql.jdbc.JDBC4Connection@5ab956d7]
2021-02-20 22:31:27,510 616737 [           main] DEBUG source.pooled.PooledDataSource  - Returned connection 1522095831 to pool.
2021-02-20 22:31:32,441 0      [           main] DEBUG ache.ibatis.logging.LogFactory  - Logging initialized using 'class org.apache.ibatis.logging.log4j.Log4jImpl' adapter.
2021-02-20 22:31:32,551 110    [           main] DEBUG source.pooled.PooledDataSource  - PooledDataSource forcefully closed/removed all connections.
2021-02-20 22:31:32,552 111    [           main] DEBUG source.pooled.PooledDataSource  - PooledDataSource forcefully closed/removed all connections.
2021-02-20 22:31:32,552 111    [           main] DEBUG source.pooled.PooledDataSource  - PooledDataSource forcefully closed/removed all connections.
2021-02-20 22:31:32,552 111    [           main] DEBUG source.pooled.PooledDataSource  - PooledDataSource forcefully closed/removed all connections.
2021-02-20 22:31:32,651 210    [           main] DEBUG ansaction.jdbc.JdbcTransaction  - Opening JDBC Connection
2021-02-20 22:31:32,858 417    [           main] DEBUG source.pooled.PooledDataSource  - Created connection 1522095831.
2021-02-20 22:31:32,859 418    [           main] DEBUG ansaction.jdbc.JdbcTransaction  - Setting autocommit to false on JDBC Connection [com.mysql.jdbc.JDBC4Connection@5ab956d7]
2021-02-20 22:31:32,861 420    [           main] DEBUG beu.dao.IUserDao.selectUserAll  - ==>  Preparing: SELECT id, username, birthday, sex, address FROM user; 
2021-02-20 22:31:35,687 3246   [           main] DEBUG beu.dao.IUserDao.selectUserAll  - ==> Parameters: 
2021-02-20 22:31:35,818 3377   [           main] DEBUG beu.dao.IUserDao.selectUserAll  - <==      Total: 10
2021-02-20 22:31:48,432 15991  [           main] DEBUG ansaction.jdbc.JdbcTransaction  - Resetting autocommit to true on JDBC Connection [com.mysql.jdbc.JDBC4Connection@5ab956d7]
2021-02-20 22:31:48,446 16005  [           main] DEBUG ansaction.jdbc.JdbcTransaction  - Closing JDBC Connection [com.mysql.jdbc.JDBC4Connection@5ab956d7]
2021-02-20 22:31:48,447 16006  [           main] DEBUG source.pooled.PooledDataSource  - Returned connection 1522095831 to pool.
2021-02-20 23:05:10,324 0      [           main] DEBUG ache.ibatis.logging.LogFactory  - Logging initialized using 'class org.apache.ibatis.logging.log4j.Log4jImpl' adapter.
2021-02-20 23:05:10,396 72     [           main] DEBUG source.pooled.PooledDataSource  - PooledDataSource forcefully closed/removed all connections.
2021-02-20 23:05:10,396 72     [           main] DEBUG source.pooled.PooledDataSource  - PooledDataSource forcefully closed/removed all connections.
2021-02-20 23:05:10,396 72     [           main] DEBUG source.pooled.PooledDataSource  - PooledDataSource forcefully closed/removed all connections.
2021-02-20 23:05:10,396 72     [           main] DEBUG source.pooled.PooledDataSource  - PooledDataSource forcefully closed/removed all connections.
2021-02-20 23:05:10,458 134    [           main] DEBUG ansaction.jdbc.JdbcTransaction  - Opening JDBC Connection
2021-02-20 23:05:10,635 311    [           main] DEBUG source.pooled.PooledDataSource  - Created connection 2048425748.
2021-02-20 23:05:10,635 311    [           main] DEBUG ansaction.jdbc.JdbcTransaction  - Setting autocommit to false on JDBC Connection [com.mysql.jdbc.JDBC4Connection@7a187f14]
2021-02-20 23:05:10,637 313    [           main] DEBUG beu.dao.IUserDao.selectUserAll  - ==>  Preparing: SELECT id, username, birthday, sex, address FROM user; 
2021-02-20 23:05:10,658 334    [           main] DEBUG beu.dao.IUserDao.selectUserAll  - ==> Parameters: 
2021-02-20 23:05:10,679 355    [           main] DEBUG beu.dao.IUserDao.selectUserAll  - <==      Total: 10
2021-02-20 23:05:10,680 356    [           main] DEBUG ansaction.jdbc.JdbcTransaction  - Resetting autocommit to true on JDBC Connection [com.mysql.jdbc.JDBC4Connection@7a187f14]
2021-02-20 23:05:10,681 357    [           main] DEBUG ansaction.jdbc.JdbcTransaction  - Closing JDBC Connection [com.mysql.jdbc.JDBC4Connection@7a187f14]
2021-02-20 23:05:10,681 357    [           main] DEBUG source.pooled.PooledDataSource  - Returned connection 2048425748 to pool.
